number,value,datetime_start,datetime_complete,duration,params_FlatThreshold,params_KdTreeCornerOutlierDis,params_LidarNearestDis,params_NumFlat,system_attrs_cma:generation,system_attrs_cma:n_restarts,system_attrs_cma:optimizer:0,system_attrs_cma:optimizer:1,system_attrs_fixed_params,state
41,inf,2026-07-15 13:13:03.851013,2026-07-15 13:15:12.822148,0 days 00:02:08.971135,0.005,0.05,1.9999999999999998,1,5.0,0.0,800363636d6165732e5f636d610a434d410a7100298171017d71022858060000005f6e5f64696d71034b0458080000005f706f7073697a6571044b0858030000005f6d7571054b0458070000005f6d755f6566667106636e756d70792e636f72652e6d756c746961727261790a7363616c61720a7107636e756d70790a64747970650a7108580200000066387109898887710a52710b284b0358010000003c710c4e4e4e4affffffff4affffffff4b0074710d62430820436f8e2acd0440710e86710f52711058030000005f636371116807680b4308000000000000e03f711286711352711458030000005f633171156807680b430862115f01d0aeb03f711686711752711858040000005f636d7571196807680b430815282f55d11faa3f711a86711b52711c58080000005f635f7369676d61711d6807680b430830ce38804161d93f711e86711f52712058080000005f645f7369676d6171216807680b43088c330e605058f63f712286712352712458030000005f636d71254b0158060000005f6368695f6e7126473ffe18618618618658080000005f776569676874737127636e756d70792e636f72652e6d756c746961727261790a5f7265636f6e7374727563740a7128636e756d70790a6e6461727261790a71294b0085712a430162712b87712c52712d284b014b0885712e680858020000006638712f8988877130527131284b03680c4e4e4e4affffffff4affffffff4b0074713262894340c0fc6f2530f5e03f922449922449d23f912449922449c23f1c7d92cd463fa53fcb8b860adec6c5bf6f2cafd2f5baddbfd4e62ed098d4e6bf6f2cafd2f5baedbf71337471346258080000005f705f7369676d617135682868294b00857136682b877137527138284b014b04857139680b894320581d19492f9aab3f3faca2d92c729cbf38eddbc4dd0619c06bf8dcf7fddab33f713a74713b6258030000005f7063713c682868294b0085713d682b87713e52713f284b014b04857140680b894320000000000000000000000000000000000000000000000000000000000000000071417471426258050000005f6d65616e7143682868294b00857144682b877145527146284b014b04857147683189432059d1add609dffe3fe603d456bcf0b03f90e31e10e351f33fb8cfb444eebcd03f71487471496258060000005f7369676d61714a6807680b4308c321c65a0b29e640714b86714c52714d58020000005f44714e4e58020000005f42714f4e58070000005f626f756e64737150682868294b00857151682b877152527153284b014b044b028671546831894340333333333333d33f00000000000000407b14ae47e17a743f7b14ae47e17ab43f000000000000e03f0000000000001a409a9999999999a93f000000000000e03f7155747,1566258110000005f6e5f6d61785f726573616d706c696e6771574b2858020000005f6771584b0558050000005f746f6c7871596807680b430881764968c2250c3d715a86715b52715c58070000005f746f6c787570715d4740c388000000000058070000005f746f6c66756e715e473d719799812dea1158100000005f746f6c636f6e646974696f6e636f76715f4742d6bcc41e900000580d0000005f66756e686973745f7465726d71604b19580f0000005f66756e686973745f76616c7565737161682868294b00857162682b877163527164284b014b3285716568318942900100002039c504000000000000000000000000099788441642b13fcfc263e830b8b13f0630a176710eb13f000000000000f07f000000000000f07f000000000000f07f000000000000f07f000000000000f07f000000000000f07f000000000000f07f6c5f73797374656d5f6174747269627574655f69642c20747269616c5f73797374656d5f617474726962757465732e747269616c5f696420415320747269616c5f73797374656d5f617474726962757465735f747269616c5f69642c20747269616c5f73797374656d5f617474726962757465732e226b65792220415320747269616c5f73797374656d5f617474726962757465735f6b65792c20747269616c5f73797374656d5f617474726962757465732e76616c75655f6a736f6e20415320747269616c5f73797374656d5f617474726962757465735f76616c75655f6a736f6e200a46524f4d20747269616c5f73797374656d5f61747472696275746573200a5748455245203f203d20747269616c5f73797374656d5f617474726962757465732e747269616c5f6964003f2971667471676258050000005f635f31647168682868294b00857169682b87716a52716b284b014b0a85716c680b8943509039690d9d77d73f42fcc661566f9bbf44965cae54dee4bf79962519b74da6bf3af0d628f161f53f6bb254d734e5c23fe396447e31cfbc3f37a495f2975756403455276a9bc2f6bf75a1d0b78ed9f63f716d74716e6275622e,,COMPLETE
42,0.06662663599234983,2026-07-15 13:15:12.850626,2026-07-15 13:17:26.125556,0 days 00:02:13.274930,0.005,0.05,0.3,6,5.0,0.0,,,,COMPLETE
43,inf,2026-07-15 13:17:26.152666,2026-07-15 13:19:57.735138,0 days 00:02:31.582472,0.005,0.49999999999999994,0.3,1,5.0,0.0,,,,COMPLETE
44,inf,2026-07-15 13:19:57.760952,2026-07-15 13:22:10.506438,0 days 00:02:12.745486,0.07999999999999999,0.05,0.3,1,5.0,0.0,,,,COMPLETE
45,0.06662663599234983,2026-07-15 13:22:10.530552,2026-07-15 13:24:36.681972,0 days 00:02:26.151420,0.005,0.05,0.3,6,5.0,0.0,,,,COMPLETE
46,inf,2026-07-15 13:24:36.705838,2026-07-15 13:26:50.628243,0 days 00:02:13.922405,0.07999999999999999,0.49999999999999994,1.9999999999999998,6,5.0,0.0,,,,COMPLETE
47,0.06662663599234983,2026-07-15 13:26:50.656079,2026-07-15 13:30:04.735265,0 days 00:03:14.079186,0.005,0.05,0.3,1,5.0,0.0,,,,COMPLETE
48,inf,2026-07-15 13:30:04.758592,2026-07-15 13:32:29.051417,0 days 00:02:24.292825,0.005,0.49999999999999994,1.9999999999999998,6,5.0,0.0,,,,COMPLETE
49,inf,2026-07-15 13:32:29.077706,2026-07-15 13:34:53.712038,0 days 00:02:24.634332,0.07999999999999999,0.05,0.3,6,6.0,0.0,800363636d6165732e5f636d610a434d410a7100298171017d71022858060000005f6e5f64696d71034b0458080000005f706f7073697a6571044b0858030000005f6d7571054b0458070000005f6d755f6566667106636e756d70792e636f72652e6d756c746961727261790a7363616c61720a7107636e756d70790a64747970650a7108580200000066387109898887710a52710b284b0358010000003c710c4e4e4e4affffffff4affffffff4b0074710d62430820436f8e2acd0440710e86710f52711058030000005f636371116807680b4308000000000000e03f711286711352711458030000005f633171156807680b430862115f01d0aeb03f711686711752711858040000005f636d7571196807680b430815282f55d11faa3f711a86711b52711c58080000005f635f7369676d61711d6807680b430830ce38804161d93f711e86711f52712058080000005f645f7369676d6171216807680b43088c330e605058f63f712286712352712458030000005f636d71254b0158060000005f6368695f6e7126473ffe18618618618658080000005f776569676874737127636e756d70792e636f72652e6d756c746961727261790a5f7265636f6e7374727563740a7128636e756d70790a6e6461727261790a71294b0085712a430162712b87712c52712d284b014b0885712e680858020000006638712f8988877130527131284b03680c4e4e4e4affffffff4affffffff4b0074713262894340c0fc6f2530f5e03f922449922449d23f912449922449c23f1c7d92cd463fa53fcb8b860adec6c5bf6f2cafd2f5baddbfd4e62ed098d4e6bf6f2cafd2f5baedbf71337471346258080000005f705f7369676d617135682868294b00857136682b877137527138284b014b04857139680b8943208ed92a317f9ea03fa872eb56f22a91bf741c767548340ec056cb7926d5f5a73f713a74713b6258030000005f7063713c682868294b0085713d682b87713e52713f284b014b04857140680b894320000000000000000000000000000000000000000000000000000000000000000071417471426258050000005f6d65616e7143682868294b00857144682b877145527146284b014b048571476831894320d0ed7bd80bb7d73f9014ae47e17a743f66d91c85195014409c9999999999a93f71487471496258060000005f7369676d61714a6807680b4308be67e95ff87fed40714b86714c52714d58020000005f44714e4e58020000005f42714f4e58070000005f626f756e64737150682868294b00857151682b877152527153284b014b044b028671546831894340333333333333d33f00000000000000407b14ae47e17a743f7b14ae47e17ab43f000000000000e03f0000000000001a409a9999999999a93f000000000000e03f7155747,1566258110000005f6e5f6d61785f726573616d706c696e6771574b2858020000005f6771584b0658050000005f746f6c7871596807680b430881764968c2250c3d715a86715b52715c58070000005f746f6c787570715d4740c388000000000058070000005f746f6c66756e715e473d719799812dea1158100000005f746f6c636f6e646974696f6e636f76715f4742d6bcc41e900000580d0000005f66756e686973745f7465726d71604b19580f0000005f66756e686973745f76616c7565737161682868294b00857162682b877163527164284b014b3285716568318942900100002039c504000000000000000000000000099788441642b13fcfc263e830b8b13f0630a176710eb13f000000000000f07f000000000000f07f000000000000f07f000000000000f07f000000000000f07f000000000000f07f000000000000f07f0630a176710eb13f000000000000f07f74655f69642c20747269616c5f73797374656d5f617474726962757465732e747269616c5f696420415320747269616c5f73797374656d5f617474726962757465735f747269616c5f69642c20747269616c5f73797374656d5f617474726962757465732e226b65792220415320747269616c5f73797374656d5f617474726962757465735f6b65792c20747269616c5f73797374656d5f617474726962757465732e76616c75655f6a736f6e20415320747269616c5f73797374656d5f617474726962757465735f76616c75655f6a736f6e200a46524f4d20747269616c5f73797374656d5f61747472696275746573200a5748455245203f203d20747269616c5f73797374656d5f617474726962757465732e747269616c5f6964003f2971667471676258050000005f635f31647168682868294b00857169682b87716a52716b284b014b0a85716c680b894350d81101f629d3d73f78a3a60eaaca9cbf74488ceb811ce6bfa55427d23ce1a7bf41408a7f516df63f838a7bc83719c43fd608124ea340be3f7a7b4453a0575740ef819450962af8bf86b8e780d3f2f73f716d74716e6275622e,,COMPLETE
