number,value,datetime_start,datetime_complete,duration,params_blind,params_filter_size_map,params_filter_size_surf,params_max_iteration,params_point_filter_num,system_attrs_cma:generation,system_attrs_cma:n_restarts,system_attrs_cma:optimizer:0,system_attrs_cma:optimizer:1,system_attrs_fixed_params,state
33,0.10949569494915601,2026-07-15 05:42:11.258193,2026-07-15 05:45:42.865663,0 days 00:03:31.607470,0.3044685015296713,0.4876405180177548,0.5768167528269962,4,3,4.0,0.0,800363636d6165732e5f636d610a434d410a7100298171017d71022858060000005f6e5f64696d71034b0558080000005f706f7073697a6571044b0858030000005f6d7571054b0458070000005f6d755f6566667106636e756d70792e636f72652e6d756c746961727261790a7363616c61720a7107636e756d70790a64747970650a7108580200000066387109898887710a52710b284b0358010000003c710c4e4e4e4affffffff4affffffff4b0074710d62430820436f8e2acd0440710e86710f52711058030000005f636371116807680b43084f2d90ce11d0dc3f711286711352711458030000005f633171156807680b430841296f67b236a83f711686711752711858040000005f636d7571196807680b430854afe081e88aa33f711a86711b52711c58080000005f635f7369676d61711d6807680b43084129dea29b5dd73f711e86711f52712058080000005f645f7369676d6171216807680b4308508ab7e866d7f53f712286712352712458030000005f636d71254b0158060000005f6368695f6e71264740010737767cc6e058080000005f776569676874737127636e756d70792e636f72652e6d756c746961727261790a5f7265636f6e7374727563740a7128636e756d70790a6e6461727261790a71294b0085712a430162712b87712c52712d284b014b0885712e680858020000006638712f8988877130527131284b03680c4e4e4e4affffffff4affffffff4b0074713262894340c0fc6f2530f5e03f922449922449d23f912449922449c23f1c7d92cd463fa53fa00c85356a69c5bfa9cba55b603bddbf6af698789f72e6bfa9cba55b603bedbf71337471346258080000005f705f7369676d617135682868294b00857136682b877137527138284b014b05857139680b894328cc53d4897f14ce3f7c309c00862bfb3f60fc08da0f65a0bf281c5e198f0cdd3ff0c430d1ce15f6bf713a74713b6258030000005f7063713c682868294b0085713d682b87713e52713f284b014b05857140680b8943283bd07d3661ffd83f3ab88059a0b2fe3fc0d09046a814b93fd819f5556e3ba23f689ee79770dea6bf71417471426258050000005f6d65616e7143682868294b00857144682b877145527146284b014b058571476831894328737ed0ba8db7d93f0bb6c9e402ab0f406e5291612dcce03f90c2ac28a73ee23f000000000000084071487471496258060000005f7369676d61714a6807680b430870bd3c54ef5fcc3f714b86714c52714d58020000005f44714e4e58020000005f42714f4e58070000005f626f756e64737150682868294b00857151682b877152527153284b014b054b0286715468318943509a9999999999b93f000000000000f03f000000000000e03f0000000000001a409a9999999999b93f0000000,00000f03f9a9999999999b93f000000000000f03f000000000000e03f0000000000001a4071557471566258110000005f6e5f6d61785f726573616d706c696e6771574b3258020000005f6771584b0458050000005f746f6c7871596807680b4308e11837ce511c453d715a86715b52715c58070000005f746f6c787570715d4740c388000000000058070000005f746f6c66756e715e473d719799812dea1158100000005f746f6c636f6e646974696f6e636f76715f4742d6bcc41e900000580d0000005f66756e686973745f7465726d71604b1d580f0000005f66756e686973745f76616c7565737161682868294b00857162682b877163527164284b014b3a85716568318942d001000070ea113a000000000000000000000000a85dcb129e93bb3fb427a3105f64bc3fdd93b94ae5a6bb3f0372d2199912bc3f3b26374b6096bb3fd4ca602aac0dbc3fde33611e8ca6bb3f8c6a4c46250ebc3f05000500c670000001000000000000008cf86f3a00000000def32f3b000000003d0000003d00000017000000510000002b0000000100000000000000060000000b0000002d0000003c0000003d0000003d000000000000000000020000000000585c8d3a00000000d88c143b00000000000000000000000000000000000000001800000000000000def32f3b000000003d0000003d000000000000000000000000000000000000000100000000000000ff01010001000000081a24d7c6700000a0a0ead1c6700000505d13d7c6700000905471b9c670000000000000000000000000000000000000d01e303b00000000d01e303b00000000d82715d7c6700000c8cb22a5c6700000d0e863a6c670000030b022a5c670000078b022a5c670000090b022a5c6700000207bb4a6c670000038cc22a5c670000070cc22a5c6700000b07f22a5c6700000106128d7c6700000f07022a5c670000050b627d7c6700000700918d7c6700000305e24d7c6700000f0552bd7c6700000f0e717d7c670000071667471676258050000005f635f31647168682868294b00857169682b87716a52716b284b014b0f85716c680b8943789d21bc664a07f43fce7fb21d6258dbbfde70d38e3681bdbfd8f6fd13ab5ebc3f9c785ab212f6cc3ff3d3d7987b0bf93fbbe51e9645e7b7bfa74244e1223cd3bf1959dedfa96cd0bfecd06aea3abdf23f56109686e5e3783fb373e19a517483bfc0e69f7a20e8ef3fe44d368f4b89ae3f3083fbbf680ef53f716d74716e6275622e,,COMPLETE
34,0.1084654885774703,2026-07-15 05:45:42.899129,2026-07-15 05:48:46.736706,0 days 00:03:03.837577,0.4303188204942816,0.31318794129382516,0.6150893555177788,4,3,4.0,0.0,,,,COMPLETE
35,0.10968416635901405,2026-07-15 05:48:46.760983,2026-07-15 05:51:56.523414,0 days 00:03:09.762431,0.7055961510255274,0.4097510303833801,0.3328381785537783,4,3,4.0,0.0,,,,COMPLETE
36,0.1085768057955756,2026-07-15 05:51:56.551192,2026-07-15 05:54:54.523112,0 days 00:02:57.971920,0.2410249444784594,0.5801038168538797,0.7030694149865473,4,4,4.0,0.0,,,,COMPLETE
37,0.11022907492700829,2026-07-15 05:54:54.549928,2026-07-15 05:58:06.226232,0 days 00:03:11.676304,0.3358109292615796,0.34457210873746047,0.4746662862615165,4,3,4.0,0.0,,,,COMPLETE
38,0.10963748491428289,2026-07-15 05:58:06.255988,2026-07-15 06:00:55.522477,0 days 00:02:49.266489,0.4461467943567203,0.5964012592980465,0.3113131909575344,4,3,4.0,0.0,,,,COMPLETE
39,0.10932665781869208,2026-07-15 06:00:55.609242,2026-07-15 06:03:49.724698,0 days 00:02:54.115456,0.6861490149232639,0.6572250318354146,0.9274214953576971,4,3,4.0,0.0,,,,COMPLETE
40,0.10959892885658802,2026-07-15 06:03:49.752746,2026-07-15 06:06:47.092013,0 days 00:02:57.339267,0.6845424005302292,0.5043542921194248,0.43254804294673993,4,3,4.0,0.0,,,,COMPLETE
41,0.110548356475508,2026-07-15 06:06:47.118368,2026-07-15 06:10:27.393242,0 days 00:03:40.274874,0.7996150514794991,0.522120267570518,0.7447731620252772,4,3,5.0,0.0,800363636d6165732e5f636d610a434d410a7100298171017d71022858060000005f6e5f64696d71034b0558080000005f706f7073697a6571044b0858030000005f6d7571054b0458070000005f6d755f6566667106636e756d70792e636f72652e6d756c746961727261790a7363616c61720a7107636e756d70790a64747970650a7108580200000066387109898887710a52710b284b0358010000003c710c4e4e4e4affffffff4affffffff4b0074710d62430820436f8e2acd0440710e86710f52711058030000005f636371116807680b43084f2d90ce11d0dc3f711286711352711458030000005f633171156807680b430841296f67b236a83f711686711752711858040000005f636d7571196807680b430854afe081e88aa33f711a86711b52711c58080000005f635f7369676d61711d6807680b43084129dea29b5dd73f711e86711f52712058080000005f645f7369676d6171216807680b4308508ab7e866d7f53f712286712352712458030000005f636d71254b0158060000005f6368695f6e71264740010737767cc6e058080000005f776569676874737127636e756d70792e636f72652e6d756c746961727261790a5f7265636f6e7374727563740a7128636e756d70790a6e6461727261790a71294b0085712a430162712b87712c52712d284b014b0885712e680858020000006638712f8988877130527131284b03680c4e4e4e4affffffff4affffffff4b0074713262894340c0fc6f2530f5e03f922449922449d23f912449922449c23f1c7d92cd463fa53fa00c85356a69c5bfa9cba55b603bddbf6af698789f72e6bfa9cba55b603bedbf71337471346258080000005f705f7369676d617135682868294b00857136682b877137527138284b014b05857139680b89432878e352365dafc53f42fb39abf386f53fbf216694174eea3fed25ff24997fdabf473a5055e743e23f713a74713b6258030000005f7063713c682868294b0085713d682b87713e52713f284b014b05857140680b894328dc3e336fd8f1cf3fd9b2c4d976e9f43f06b0627a2241f03f662c10952a8be7bf1c4aed361b62fb3f71417471426258050000005f6d65616e7143682868294b00857144682b877145527146284b014b0585714768318943285174e8317415da3f0000000000001040782a88143edde53feac150129988dc3f9224499224490a4071487471496258060000005f7369676d61714a6807680b43086ebfe3aeea01cb3f714b86714c52714d58020000005f44714e4e58020000005f42714f4e58070000005f626f756e64737150682868294b00857151682b877152527153284b014b054b0286715468318943509a9999999999b93f000000000000f03f000000000000e03f0000000000001a409a9999999999b93f0000000,00000f03f9a9999999999b93f000000000000f03f000000000000e03f0000000000001a4071557471566258110000005f6e5f6d61785f726573616d706c696e6771574b3258020000005f6771584b0558050000005f746f6c7871596807680b4308e11837ce511c453d715a86715b52715c58070000005f746f6c787570715d4740c388000000000058070000005f746f6c66756e715e473d719799812dea1158100000005f746f6c636f6e646974696f6e636f76715f4742d6bcc41e900000580d0000005f66756e686973745f7465726d71604b1d580f0000005f66756e686973745f76616c7565737161682868294b00857162682b877163527164284b014b3a85716568318942d001000070ea113a000000000000000000000000a85dcb129e93bb3fb427a3105f64bc3fdd93b94ae5a6bb3f0372d2199912bc3f3b26374b6096bb3fd4ca602aac0dbc3fde33611e8ca6bb3f8c6a4c46250ebc3f61552fee64c4bb3fd03ce1fff837bc3f8cf86f3a00000000def32f3b000000003d0000003d00000017000000510000002b0000000100000000000000060000000b0000002d0000003c0000003d0000003d000000000000000000020000000000585c8d3a00000000d88c143b00000000000000000000000000000000000000001800000000000000def32f3b000000003d0000003d000000000000000000000000000000000000000100000000000000ff01010001000000081a24d7c6700000a0a0ead1c6700000505d13d7c6700000905471b9c670000000000000000000000000000000000000d01e303b00000000d01e303b00000000d82715d7c6700000c8cb22a5c6700000d0e863a6c670000030b022a5c670000078b022a5c670000090b022a5c6700000207bb4a6c670000038cc22a5c670000070cc22a5c6700000b07f22a5c6700000106128d7c6700000f07022a5c670000050b627d7c6700000700918d7c6700000305e24d7c6700000f0552bd7c6700000f0e717d7c670000071667471676258050000005f635f31647168682868294b00857169682b87716a52716b284b014b0f85716c680b894378b8dc77938d1ef23f6aabda86801fdbbf60e4a9a118f693bf1d7832c9839fbb3fa0762c8a9ffaca3f960aaa9ba72dfa3f682e531cd748823f70356d334838d4bfe31145782421c2bfea5d7b25c8adf13fa312738e9312b7bfe2413c731fbdbc3fca2bbf1f73b4eb3f08b41dacbfd9623f406a8a20cad2fa3f716d74716e6275622e,,COMPLETE
42,0.10972281738004284,2026-07-15 06:10:27.419806,2026-07-15 06:13:19.748820,0 days 00:02:52.329014,0.5676866131706949,0.6336137875683255,0.778857444903904,4,3,5.0,0.0,,,,COMPLETE
43,0.10959810271440404,2026-07-15 06:13:19.771024,2026-07-15 06:16:27.783809,0 days 00:03:08.012785,0.5325999018431055,0.4090078531529689,0.5675677721439323,4,3,5.0,0.0,,,,COMPLETE
44,0.1103773807157139,2026-07-15 06:16:27.826363,2026-07-15 06:19:56.607923,0 days 00:03:28.781560,0.48476958372057677,0.6014017941338214,0.826744328759631,4,3,5.0,0.0,,,,COMPLETE
45,0.1094786954981732,2026-07-15 06:19:56.737776,2026-07-15 06:23:02.772232,0 days 00:03:06.034456,0.3752838265737755,0.6291299531542459,0.5323728167358005,4,3,5.0,0.0,,,,COMPLETE
46,0.10987228894017174,2026-07-15 06:23:02.802861,2026-07-15 06:26:20.460908,0 days 00:03:17.658047,0.6508698133385015,0.47183982283710174,0.4600796110450366,4,3,5.0,0.0,,,,COMPLETE
47,0.10983210109027904,2026-07-15 06:26:20.484811,2026-07-15 06:29:29.736843,0 days 00:03:09.252032,0.40999795884897244,0.6428752020971896,0.9289197067711514,4,3,5.0,0.0,,,,COMPLETE
48,0.10848649178823364,2026-07-15 06:29:29.763684,2026-07-15 06:32:19.202032,0 days 00:02:49.438348,0.34901747048512904,0.5069559989122752,0.6663109593761083,4,3,5.0,0.0,,,,COMPLETE
49,0.1104503991482247,2026-07-15 06:32:19.225364,2026-07-15 06:34:55.205410,0 days 00:02:35.980046,0.21427960749102543,0.7844494082716454,0.4284061920094039,4,3,6.0,0.0,800363636d6165732e5f636d610a434d410a7100298171017d71022858060000005f6e5f64696d71034b0558080000005f706f7073697a6571044b0858030000005f6d7571054b0458070000005f6d755f6566667106636e756d70792e636f72652e6d756c746961727261790a7363616c61720a7107636e756d70790a64747970650a7108580200000066387109898887710a52710b284b0358010000003c710c4e4e4e4affffffff4affffffff4b0074710d62430820436f8e2acd0440710e86710f52711058030000005f636371116807680b43084f2d90ce11d0dc3f711286711352711458030000005f633171156807680b430841296f67b236a83f711686711752711858040000005f636d7571196807680b430854afe081e88aa33f711a86711b52711c58080000005f635f7369676d61711d6807680b43084129dea29b5dd73f711e86711f52712058080000005f645f7369676d6171216807680b4308508ab7e866d7f53f712286712352712458030000005f636d71254b0158060000005f6368695f6e71264740010737767cc6e058080000005f776569676874737127636e756d70792e636f72652e6d756c746961727261790a5f7265636f6e7374727563740a7128636e756d70790a6e6461727261790a71294b0085712a430162712b87712c52712d284b014b0885712e680858020000006638712f8988877130527131284b03680c4e4e4e4affffffff4affffffff4b0074713262894340c0fc6f2530f5e03f922449922449d23f912449922449c23f1c7d92cd463fa53fa00c85356a69c5bfa9cba55b603bddbf6af698789f72e6bfa9cba55b603bedbf71337471346258080000005f705f7369676d617135682868294b00857136682b877137527138284b014b05857139680b894328563e12cd2f6eba3f788ea02b59a8eb3f988c9a4ba0e3ce3f508807117f18d23f08d9785496daedbf713a74713b6258030000005f7063713c682868294b0085713d682b87713e52713f284b014b05857140680b894328740f81577ed1a23fac81718dacfee63f0238f297f5aac23fa0f5b849128cc33fd3ae18de0641ecbf71417471426258050000005f6d65616e7143682868294b00857144682b877145527146284b014b0585714768318943287841cd309f13d93f0000000000001040e91daa6ca1cbe33fe796ddfa5e0fe13f000000000000084071487471496258060000005f7369676d61714a6807680b43087fce1b6c176dc83f714b86714c52714d58020000005f44714e4e58020000005f42714f4e58070000005f626f756e64737150682868294b00857151682b877152527153284b014b054b0286715468318943509a9999999999b93f000000000000f03f000000000000e03f0000000000001a409a9999999999b93f0000000,00000f03f9a9999999999b93f000000000000f03f000000000000e03f0000000000001a4071557471566258110000005f6e5f6d61785f726573616d706c696e6771574b3258020000005f6771584b0658050000005f746f6c7871596807680b4308e11837ce511c453d715a86715b52715c58070000005f746f6c787570715d4740c388000000000058070000005f746f6c66756e715e473d719799812dea1158100000005f746f6c636f6e646974696f6e636f76715f4742d6bcc41e900000580d0000005f66756e686973745f7465726d71604b1d580f0000005f66756e686973745f76616c7565737161682868294b00857162682b877163527164284b014b3a85716568318942d001000070ea113a000000000000000000000000a85dcb129e93bb3fb427a3105f64bc3fdd93b94ae5a6bb3f0372d2199912bc3f3b26374b6096bb3fd4ca602aac0dbc3fde33611e8ca6bb3f8c6a4c46250ebc3f61552fee64c4bb3fd03ce1fff837bc3fd6c9494ec5c5bb3fe958b0a7e54cbc3f3d0000003d00000017000000510000002b0000000100000000000000060000000b0000002d0000003c0000003d0000003d000000000000000000020000000000585c8d3a00000000d88c143b00000000000000000000000000000000000000001800000000000000def32f3b000000003d0000003d000000000000000000000000000000000000000100000000000000ff01010001000000081a24d7c6700000a0a0ead1c6700000505d13d7c6700000905471b9c670000000000000000000000000000000000000d01e303b00000000d01e303b00000000d82715d7c6700000c8cb22a5c6700000d0e863a6c670000030b022a5c670000078b022a5c670000090b022a5c6700000207bb4a6c670000038cc22a5c670000070cc22a5c6700000b07f22a5c6700000106128d7c6700000f07022a5c670000050b627d7c6700000700918d7c6700000305e24d7c6700000f0552bd7c6700000f0e717d7c670000071667471676258050000005f635f31647168682868294b00857169682b87716a52716b284b014b0f85716c680b89437870b176b8368eef3fb0babc9b090bdbbfc4b222c1139493bf405a89207a12b13f8268732b95e7d63f7731821fae91fa3fd99a0fd2586f8c3f80f2fced40e3d3bf01899cb85cf8c5bf185101e034c8f03fbfeffa3d0d99c0bf3677582a2e60c43f49af5c66fcd8ea3f6ef4f14aab4fac3f164057987224f93f716d74716e6275622e,,COMPLETE
