number,value,datetime_start,datetime_complete,duration,params_blind,params_filter_size_map,params_filter_size_surf,params_max_iteration,params_point_filter_num,system_attrs_fixed_params,state
0,0.1098957294888721,2026-07-15 01:08:11.159709,2026-07-15 01:12:15.974593,0 days 00:04:04.814884,0.5,0.5,0.5,3,3,"{'blind': 0.5, 'max_iteration': 3, 'filter_size_surf': 0.5, 'filter_size_map': 0.5, 'point_filter_num': 3}",COMPLETE
1,0.10803375092570983,2026-07-15 01:12:16.006570,2026-07-15 01:15:44.694387,0 days 00:03:28.687817,0.4959387450596141,0.5305660362179384,0.47164995008399924,6,5,,COMPLETE
2,0.10967631368053767,2026-07-15 01:15:44.728017,2026-07-15 01:19:13.929542,0 days 00:03:29.201525,0.6984310701676398,0.15339717300820488,0.9301587105053833,1,1,,COMPLETE
3,0.10843253260668084,2026-07-15 01:19:13.982277,2026-07-15 01:23:17.995388,0 days 00:04:04.013111,0.9007070919621867,0.46977543618313067,0.9396275746019597,1,2,,COMPLETE
4,0.1099254084112778,2026-07-15 01:23:34.514058,2026-07-15 01:26:46.177537,0 days 00:03:11.663479,0.49807026706829705,0.7078246693442962,0.493256041767439,1,2,,COMPLETE
5,0.1087770180362528,2026-07-15 01:27:09.420024,2026-07-15 01:31:03.189084,0 days 00:03:53.769060,0.34093476023996816,0.3446750172630578,0.13979394287472371,5,4,,COMPLETE
6,0.10949825222509095,2026-07-15 01:31:16.237975,2026-07-15 01:34:30.284869,0 days 00:03:14.046894,0.9589168781437081,0.4192170133881028,0.5637501787693808,4,2,,COMPLETE
7,0.11030747686945498,2026-07-15 01:34:30.309578,2026-07-15 01:38:07.157798,0 days 00:03:36.848220,0.36633027185826683,0.3522893623668124,0.14636478932673966,5,5,,COMPLETE
8,0.10931312605499953,2026-07-15 01:38:07.268088,2026-07-15 01:41:48.270572,0 days 00:03:41.002484,0.6542467090954375,0.22414202102480185,0.44348712760602804,4,4,,COMPLETE
9,0.10965453912247164,2026-07-15 01:41:48.297748,2026-07-15 01:45:14.152653,0 days 00:03:25.854905,0.8253397388287421,0.7345365987109699,0.9925756006601573,2,1,,COMPLETE
10,0.10854268194371108,2026-07-15 01:45:14.177861,2026-07-15 01:48:44.598570,0 days 00:03:30.420709,0.11173558417838958,0.9993135916338123,0.7170853717220713,6,6,,COMPLETE
11,0.10835136052483198,2026-07-15 01:48:44.624075,2026-07-15 01:51:49.470861,0 days 00:03:04.846786,0.9871813521817356,0.6420820428922562,0.77806230485447,6,6,,COMPLETE
12,0.11047547747138574,2026-07-15 01:51:49.505523,2026-07-15 01:55:14.543656,0 days 00:03:25.038133,0.7126370089805807,0.689427113803157,0.737657899434063,6,6,,COMPLETE
13,0.1090189295223644,2026-07-15 01:55:14.568680,2026-07-15 01:58:41.215630,0 days 00:03:26.646950,0.28499629111566255,0.6098618664502529,0.33625486075649735,6,5,,COMPLETE
14,0.10969033852028925,2026-07-15 01:58:41.242337,2026-07-15 02:02:22.233530,0 days 00:03:40.991193,0.5903750587925619,0.9061271572550188,0.7196419112785047,5,5,,COMPLETE
15,0.11043339503880834,2026-07-15 02:02:22.259181,2026-07-15 02:05:44.481820,0 days 00:03:22.222639,0.8348315817039,0.8253659112618116,0.28419952836429235,6,6,,COMPLETE
16,0.10926915860195105,2026-07-15 02:05:44.518495,2026-07-15 02:09:30.388472,0 days 00:03:45.869977,0.4348504669604471,0.5525697620714428,0.6247482667980244,5,5,,COMPLETE
17,0.10851196535677425,2026-07-15 02:09:30.615423,2026-07-15 02:12:51.504112,0 days 00:03:20.888689,0.16695826251305845,0.6049207408945232,0.8219177722912181,3,4,,COMPLETE
18,0.10941275582210218,2026-07-15 02:12:51.534516,2026-07-15 02:16:12.996494,0 days 00:03:21.461978,0.7604595384406709,0.8050417462513884,0.3733721785453,4,6,,COMPLETE
19,0.10877766424489403,2026-07-15 02:16:13.039362,2026-07-15 02:20:04.503065,0 days 00:03:51.463703,0.5994298633722459,0.3258630002122618,0.8294322480505238,6,5,,COMPLETE
20,0.11023238685670464,2026-07-15 02:20:04.530702,2026-07-15 02:23:23.915832,0 days 00:03:19.385130,0.9840534393518592,0.6427988637443931,0.6221107696422099,5,3,,COMPLETE
21,0.10799286554496096,2026-07-15 02:23:23.959651,2026-07-15 02:26:52.590019,0 days 00:03:28.630368,0.88494902392367,0.450686253703254,0.8796291771736572,2,2,,COMPLETE
22,0.10876484179594681,2026-07-15 02:26:52.620681,2026-07-15 02:30:21.135040,0 days 00:03:28.514359,0.8948244626385611,0.5111405639681676,0.8309351735284723,3,3,,COMPLETE
23,0.11020823028926739,2026-07-15 02:30:21.160441,2026-07-15 02:33:56.179233,0 days 00:03:35.018792,0.9932425593638293,0.4402877149892737,0.6384614332894408,2,6,,COMPLETE
24,0.10997027535790077,2026-07-15 02:33:56.205901,2026-07-15 02:36:57.372507,0 days 00:03:01.166606,0.8021493241522943,0.25974820044705255,0.8885368048132902,2,4,,COMPLETE
25,0.10947988026194115,2026-07-15 02:36:57.582917,2026-07-15 02:40:27.473337,0 days 00:03:29.890420,0.8994251860886107,0.5614626043713942,0.7387487409344273,2,2,,COMPLETE
26,0.10985484466501941,2026-07-15 02:40:27.502335,2026-07-15 02:43:27.987697,0 days 00:03:00.485362,0.4411321364324088,0.39847688231503986,0.9983594783642298,4,5,,COMPLETE
27,0.1090108687347307,2026-07-15 02:43:28.016032,2026-07-15 02:46:27.794766,0 days 00:02:59.778734,0.6261706864855413,0.658364280143179,0.793982252535417,6,1,,COMPLETE
28,0.1096417741851206,2026-07-15 02:46:27.825169,2026-07-15 02:49:57.599645,0 days 00:03:29.774476,0.24786521897040328,0.7786727290261739,0.5648238695609186,3,6,,COMPLETE
29,0.10921849613890278,2026-07-15 02:49:57.626439,2026-07-15 02:52:51.154508,0 days 00:02:53.528069,0.5350256183841682,0.49665378174828645,0.4408514040953055,5,3,,COMPLETE
30,0.10763229516275062,2026-07-15 02:52:51.183399,2026-07-15 02:56:20.039981,0 days 00:03:28.856582,0.9324196683135132,0.5317488039411602,0.23073846222830563,2,4,,COMPLETE
31,0.10895800763499665,2026-07-15 02:56:20.067408,2026-07-15 02:59:31.015255,0 days 00:03:10.947847,0.9253011118224238,0.5314773297602786,0.24160483434893693,2,4,,COMPLETE
32,0.11006992232060031,2026-07-15 02:59:31.043624,2026-07-15 03:02:48.117598,0 days 00:03:17.073974,0.8522371843825801,0.6045411273524299,0.20923773864898942,1,5,,COMPLETE
33,0.10922582738159259,2026-07-15 03:02:48.172874,2026-07-15 03:06:06.859621,0 days 00:03:18.686747,0.7817650172496017,0.4611057500633506,0.8995084753236892,1,4,,COMPLETE
34,0.11090590959311486,2026-07-15 03:06:06.895711,2026-07-15 03:09:25.100052,0 days 00:03:18.204341,0.7262834617188862,0.5629744170291987,0.414308563807566,2,3,,COMPLETE
35,0.1091258432122247,2026-07-15 03:09:25.125104,2026-07-15 03:12:49.540371,0 days 00:03:24.415267,0.9490330706922103,0.3003605428894992,0.5099015873194674,3,2,,COMPLETE
36,0.10907215011732378,2026-07-15 03:12:49.567784,2026-07-15 03:16:07.174451,0 days 00:03:17.606667,0.8705214760658937,0.4131244961073913,0.10005283458353992,1,1,,COMPLETE
37,0.10988053269705067,2026-07-15 03:16:07.199275,2026-07-15 03:19:21.869795,0 days 00:03:14.670520,0.4841782178884509,0.38132275081850087,0.6758299970921438,3,5,,COMPLETE
38,0.10954654262157164,2026-07-15 03:19:21.894892,2026-07-15 03:22:31.674792,0 days 00:03:09.779900,0.671910456608799,0.47234972416421045,0.8858711516903114,1,4,,COMPLETE
39,0.10992064196013035,2026-07-15 03:22:31.721432,2026-07-15 03:26:00.761622,0 days 00:03:29.040190,0.9381044804641904,0.11132877239813271,0.546317950688668,5,2,,COMPLETE
40,0.10929838177381866,2026-07-15 03:26:00.786915,2026-07-15 03:28:59.357891,0 days 00:02:58.570976,0.9937507487967613,0.7394105019952426,0.9307150557521727,4,6,,COMPLETE
41,0.10991395156085072,2026-07-15 03:28:59.388471,2026-07-15 03:32:07.591552,0 days 00:03:08.203081,0.887856004859629,0.4961176792374894,0.7966476626290625,1,2,,COMPLETE
42,0.10868174587698473,2026-07-15 03:32:07.617797,2026-07-15 03:35:31.932190,0 days 00:03:24.314393,0.9526810140480125,0.4472012683358469,0.8929438618466015,2,1,,COMPLETE
43,0.10872960179179232,2026-07-15 03:35:31.956386,2026-07-15 03:38:56.449056,0 days 00:03:24.492670,0.7459524090828998,0.6656827187042592,0.9536250097140054,1,2,,COMPLETE
44,0.10956579586932062,2026-07-15 03:38:56.483517,2026-07-15 03:41:59.651031,0 days 00:03:03.167514,0.84035946512044,0.370935253558441,0.9653122558480886,2,3,,COMPLETE
45,0.10869117729270963,2026-07-15 03:41:59.676489,2026-07-15 03:45:51.548615,0 days 00:03:51.872126,0.37488176808562146,0.5860285299691861,0.334359164560286,6,2,,COMPLETE
46,0.10818191838239925,2026-07-15 03:45:51.711922,2026-07-15 03:48:34.651754,0 days 00:02:42.939832,0.9144816770790677,0.710969472762012,0.1656269611733438,1,4,,COMPLETE
47,0.10965887484890273,2026-07-15 03:48:34.684246,2026-07-15 03:51:44.731835,0 days 00:03:10.047589,0.8052266365592109,0.8560351572491001,0.17325213206788037,1,4,,COMPLETE
48,0.11042124131628848,2026-07-15 03:51:44.760483,2026-07-15 03:55:10.860846,0 days 00:03:26.100363,0.9223023807219154,0.7047270283738517,0.27659973995269366,2,5,,COMPLETE
49,0.11009447398334136,2026-07-15 03:55:10.888320,2026-07-15 03:58:19.056486,0 days 00:03:08.168166,0.8748083316897995,0.6365480524886106,0.1951809729946154,6,4,,COMPLETE
