number,value,datetime_start,datetime_complete,duration,params_blind,params_filter_size_map,params_filter_size_surf,params_max_iteration,params_point_filter_num,system_attrs_cma:generation,system_attrs_cma:n_restarts,system_attrs_cma:optimizer:0,system_attrs_cma:optimizer:1,system_attrs_fixed_params,state
33,0.11001912803334243,2026-07-14 03:48:50.142134,2026-07-14 03:50:37.486933,0 days 00:01:47.344799,0.5575456634946976,0.402181376614976,0.47251452482365663,4,3,4.0,0.0,800363636d6165732e5f636d610a434d410a7100298171017d71022858060000005f6e5f64696d71034b0558080000005f706f7073697a6571044b0858030000005f6d7571054b0458070000005f6d755f6566667106636e756d70792e636f72652e6d756c746961727261790a7363616c61720a7107636e756d70790a64747970650a7108580200000066387109898887710a52710b284b0358010000003c710c4e4e4e4affffffff4affffffff4b0074710d62430820436f8e2acd0440710e86710f52711058030000005f636371116807680b43084f2d90ce11d0dc3f711286711352711458030000005f633171156807680b430841296f67b236a83f711686711752711858040000005f636d7571196807680b430854afe081e88aa33f711a86711b52711c58080000005f635f7369676d61711d6807680b43084129dea29b5dd73f711e86711f52712058080000005f645f7369676d6171216807680b4308508ab7e866d7f53f712286712352712458030000005f636d71254b0158060000005f6368695f6e71264740010737767cc6e058080000005f776569676874737127636e756d70792e636f72652e6d756c746961727261790a5f7265636f6e7374727563740a7128636e756d70790a6e6461727261790a71294b0085712a430162712b87712c52712d284b014b0885712e680858020000006638712f8988877130527131284b03680c4e4e4e4affffffff4affffffff4b0074713262894340c0fc6f2530f5e03f922449922449d23f912449922449c23f1c7d92cd463fa53fa00c85356a69c5bfa9cba55b603bddbf6af698789f72e6bfa9cba55b603bedbf71337471346258080000005f705f7369676d617135682868294b00857136682b877137527138284b014b05857139680b894328d83935fc11fad0bf35d0bb51f5e0ec3f006f27632becd63ffc28af3ebbb4ddbf1e9cdb13dc4aea3f713a74713b6258030000005f7063713c682868294b0085713d682b87713e52713f284b014b05857140680b894328a9f577048e4bd5bf7aa3e96a75e9c2bf30b0d56320e2e53f0fe40b9ce2a2e2bf1105e54374d2024071417471426258050000005f6d65616e7143682868294b00857144682b877145527146284b014b05857147683189432890b1ea38a5ace33fb76ddbb66ddb0e405f37c7a60bb4e13f5fa4eed45e68dc3f30ff5b094c3d0c4071487471496258060000005f7369676d61714a6807680b43084b79f7b4830bd13f714b86714c52714d58020000005f44714e4e58020000005f42714f4e58070000005f626f756e64737150682868294b00857151682b877152527153284b014b054b0286715468318943509a9999999999b93f000000000000f03f000000000000e03f0000000000001a409a9999999999b93f0000000,00000f03f9a9999999999b93f000000000000f03f000000000000e03f0000000000001a4071557471566258110000005f6e5f6d61785f726573616d706c696e6771574b3258020000005f6771584b0458050000005f746f6c7871596807680b4308e11837ce511c453d715a86715b52715c58070000005f746f6c787570715d4740c388000000000058070000005f746f6c66756e715e473d719799812dea1158100000005f746f6c636f6e646974696f6e636f76715f4742d6bcc41e900000580d0000005f66756e686973745f7465726d71604b1d580f0000005f66756e686973745f76616c7565737161682868294b00857162682b877163527164284b014b3a85716568318942d0010000c0f458240000000000000000000000003854a28d7128bc3f7921d8980c4ebc3fc4bcb32da726bc3f71a331419e5bbc3f450abb2b0b28bc3fa4894ba65048bc3f473f6e05cf27bc3fabc9056b604cbc3f6c617573653d4e6f6e652c2076616c7565733d4e6f6e652c20696e6c696e653d46616c73652c2062696e643d4e6f6e652c2070726566697865733d4e6f6e652c2072657475726e696e673d4e6f6e652c2072657475726e5f64656661756c74733d46616c73652c2070726573657276655f706172616d657465725f6f726465723d46616c73652c202a2a6469616c6563745f6b77293a0a2020202072657475726e2074617267657428666e2c2073656c662c207461626c652c207768657265636c617573653d7768657265636c617573652c2076616c7565733d76616c7565732c20696e6c696e653d696e6c696e652c2062696e643d62696e642c2070726566697865733d70726566697865732c2072657475726e696e673d72657475726e696e672c2072657475726e5f64656661756c74733d72657475726e5f64656661756c74732c2070726573657276655f706172616d657465725f6f726465723d70726573657276655f706172616d657465725f6f726465722c202a2a6469616c656371667471676258050000005f635f31647168682868294b00857169682b87716a52716b284b014b0f85716c680b894378c42355f46ed0e43f5ed2227881dca1bf1506c5db32d3bd3f08b974eb708e7c3fd55671a56e65bcbf3670b7f8fe95f73f5783392e3d7bb43fe4dd59960a2eb13f48a95d0c4666c5bf4091a0f288b9ee3f673afa74ab7099bf24911de9812fc03f67fe7f6b9124ee3f0b4f320a76c4c8bf74f5602a32c9fc3f716d74716e6275622e,,COMPLETE
34,0.11023310498018597,2026-07-14 03:50:37.487491,2026-07-14 03:52:23.648875,0 days 00:01:46.161384,0.45623324554992506,0.5201954320669931,0.4583489513253036,4,3,4.0,0.0,,,,COMPLETE
35,0.1103523208972266,2026-07-14 03:52:23.649442,2026-07-14 03:54:12.626978,0 days 00:01:48.977536,0.7910844627778747,0.7466454119488717,0.6093843540399461,4,4,4.0,0.0,,,,COMPLETE
36,0.10996459200559158,2026-07-14 03:54:12.627550,2026-07-14 03:56:05.075084,0 days 00:01:52.447534,0.8502699352800088,0.5974936426133575,0.3151479318085637,4,3,4.0,0.0,,,,COMPLETE
37,0.11020638375436488,2026-07-14 03:56:05.075691,2026-07-14 03:57:49.372020,0 days 00:01:44.296329,0.3836798685512421,0.42682109644987787,0.22222176482014788,4,4,4.0,0.0,,,,COMPLETE
38,0.11011963407907671,2026-07-14 03:57:49.372616,2026-07-14 03:59:44.005684,0 days 00:01:54.633068,0.3503943455109208,0.5301436505824537,0.583955291311278,4,4,4.0,0.0,,,,COMPLETE
39,0.10996985757526836,2026-07-14 03:59:44.006254,2026-07-14 04:01:42.541095,0 days 00:01:58.534841,0.978361166282474,0.4184929717146882,0.5122450770336856,4,3,4.0,0.0,,,,COMPLETE
40,0.11124960452483054,2026-07-14 04:01:42.541665,2026-07-14 04:03:52.004723,0 days 00:02:09.463058,0.21066363009127792,0.9631771328293859,0.5802044430648876,4,4,4.0,0.0,,,,COMPLETE
41,0.11135074309859995,2026-07-14 04:03:52.005392,2026-07-14 04:05:27.735346,0 days 00:01:35.729954,0.36517774428951877,0.6340412002784775,0.4303482958377691,4,3,5.0,0.0,800363636d6165732e5f636d610a434d410a7100298171017d71022858060000005f6e5f64696d71034b0558080000005f706f7073697a6571044b0858030000005f6d7571054b0458070000005f6d755f6566667106636e756d70792e636f72652e6d756c746961727261790a7363616c61720a7107636e756d70790a64747970650a7108580200000066387109898887710a52710b284b0358010000003c710c4e4e4e4affffffff4affffffff4b0074710d62430820436f8e2acd0440710e86710f52711058030000005f636371116807680b43084f2d90ce11d0dc3f711286711352711458030000005f633171156807680b430841296f67b236a83f711686711752711858040000005f636d7571196807680b430854afe081e88aa33f711a86711b52711c58080000005f635f7369676d61711d6807680b43084129dea29b5dd73f711e86711f52712058080000005f645f7369676d6171216807680b4308508ab7e866d7f53f712286712352712458030000005f636d71254b0158060000005f6368695f6e71264740010737767cc6e058080000005f776569676874737127636e756d70792e636f72652e6d756c746961727261790a5f7265636f6e7374727563740a7128636e756d70790a6e6461727261790a71294b0085712a430162712b87712c52712d284b014b0885712e680858020000006638712f8988877130527131284b03680c4e4e4e4affffffff4affffffff4b0074713262894340c0fc6f2530f5e03f922449922449d23f912449922449c23f1c7d92cd463fa53fa00c85356a69c5bfa9cba55b603bddbf6af698789f72e6bfa9cba55b603bedbf71337471346258080000005f705f7369676d617135682868294b00857136682b877137527138284b014b05857139680b894328d978a8c2fe4df03f41b3ecf87e39f13f7a6cabdc7764dfbf9c2f238bf424bcbf2ab207b8ad31f1bf713a74713b6258030000005f7063713c682868294b0085713d682b87713e52713f284b014b05857140680b8943287ca774712a0cec3f9714b3b91e85e43fd67ba5c307e2d7bfd87bfef774efa53f4329785280d3f2bf71417471426258050000005f6d65616e7143682868294b00857144682b877145527146284b014b0585714768318943281387fb3bb660ea3f0000000000001040f84bdfb51dedd93f603b3ea93c80e03ff449361bfd54084071487471496258060000005f7369676d61714a6807680b4308d4de5d57498fd03f714b86714c52714d58020000005f44714e4e58020000005f42714f4e58070000005f626f756e64737150682868294b00857151682b877152527153284b014b054b0286715468318943509a9999999999b93f000000000000f03f000000000000e03f0000000000001a409a9999999999b93f0000000,00000f03f9a9999999999b93f000000000000f03f000000000000e03f0000000000001a4071557471566258110000005f6e5f6d61785f726573616d706c696e6771574b3258020000005f6771584b0558050000005f746f6c7871596807680b4308e11837ce511c453d715a86715b52715c58070000005f746f6c787570715d4740c388000000000058070000005f746f6c66756e715e473d719799812dea1158100000005f746f6c636f6e646974696f6e636f76715f4742d6bcc41e900000580d0000005f66756e686973745f7465726d71604b1d580f0000005f66756e686973745f76616c7565737161682868294b00857162682b877163527164284b014b3a85716568318942d0010000c0f458240000000000000000000000003854a28d7128bc3f7921d8980c4ebc3fc4bcb32da726bc3f71a331419e5bbc3f450abb2b0b28bc3fa4894ba65048bc3f473f6e05cf27bc3fabc9056b604cbc3faeca61b6a326bc3f5e8820a5da7abc3f65733d4e6f6e652c20696e6c696e653d46616c73652c2062696e643d4e6f6e652c2070726566697865733d4e6f6e652c2072657475726e696e673d4e6f6e652c2072657475726e5f64656661756c74733d46616c73652c2070726573657276655f706172616d657465725f6f726465723d46616c73652c202a2a6469616c6563745f6b77293a0a2020202072657475726e2074617267657428666e2c2073656c662c207461626c652c207768657265636c617573653d7768657265636c617573652c2076616c7565733d76616c7565732c20696e6c696e653d696e6c696e652c2062696e643d62696e642c2070726566697865733d70726566697865732c2072657475726e696e673d72657475726e696e672c2072657475726e5f64656661756c74733d72657475726e5f64656661756c74732c2070726573657276655f706172616d657465725f6f726465723d70726573657276655f706172616d657465725f6f726465722c202a2a6469616c656371667471676258050000005f635f31647168682868294b00857169682b87716a52716b284b014b0f85716c680b89437805b0b1c86b08e53f2507bdc4ae32993f842deab24f84b13f668e3bab4b2aab3f96f18d6746decdbf678e18d573b4f73fecf4e94dfc30b03fb0a4cf5b28dda13f00bc88211294d0bfa9cff359c4faee3ffaa8cc23661da6bfc78f9a3c80fec53fe8c4e752db0aeb3fead5abec53fed3bf2d0486a048ddfb3f716d74716e6275622e,,COMPLETE
42,0.11013817815717147,2026-07-14 04:05:27.735957,2026-07-14 04:07:22.216365,0 days 00:01:54.480408,0.8904818844493123,0.6059422302062151,0.3354452727442527,4,3,5.0,0.0,,,,COMPLETE
43,0.11018938048610206,2026-07-14 04:07:22.217044,2026-07-14 04:09:18.044447,0 days 00:01:55.827403,0.7036239463546807,0.7726041605453717,0.5687061332487165,4,3,5.0,0.0,,,,COMPLETE
44,0.1104277610764323,2026-07-14 04:09:18.045077,2026-07-14 04:11:13.244095,0 days 00:01:55.199018,0.865108120884621,0.5155893506851082,0.5980752241971468,4,3,5.0,0.0,,,,COMPLETE
45,0.11044472518943943,2026-07-14 04:11:13.244661,2026-07-14 04:13:02.720325,0 days 00:01:49.475664,0.6941431937567232,0.591146953273323,0.4351770028362972,4,4,5.0,0.0,,,,COMPLETE
46,0.10989549536798975,2026-07-14 04:13:02.720896,2026-07-14 04:14:58.336555,0 days 00:01:55.615659,0.780996329855892,0.2852524212820595,0.7356102700376366,4,3,5.0,0.0,,,,COMPLETE
47,0.1100030417267718,2026-07-14 04:14:58.337123,2026-07-14 04:16:53.508444,0 days 00:01:55.171321,0.8451587056743648,0.44604250622265346,0.4296360510719901,4,3,5.0,0.0,,,,COMPLETE
48,0.1097335349524048,2026-07-14 04:16:53.509047,2026-07-14 04:18:32.137295,0 days 00:01:38.628248,0.8385258870990645,0.45804916195244905,0.8106651342873501,4,3,5.0,0.0,,,,COMPLETE
49,0.11042521321050093,2026-07-14 04:18:32.137874,2026-07-14 04:20:30.412658,0 days 00:01:58.274784,0.5649542244663306,0.7806236054490803,0.4123780685375551,3,3,6.0,0.0,800363636d6165732e5f636d610a434d410a7100298171017d71022858060000005f6e5f64696d71034b0558080000005f706f7073697a6571044b0858030000005f6d7571054b0458070000005f6d755f6566667106636e756d70792e636f72652e6d756c746961727261790a7363616c61720a7107636e756d70790a64747970650a7108580200000066387109898887710a52710b284b0358010000003c710c4e4e4e4affffffff4affffffff4b0074710d62430820436f8e2acd0440710e86710f52711058030000005f636371116807680b43084f2d90ce11d0dc3f711286711352711458030000005f633171156807680b430841296f67b236a83f711686711752711858040000005f636d7571196807680b430854afe081e88aa33f711a86711b52711c58080000005f635f7369676d61711d6807680b43084129dea29b5dd73f711e86711f52712058080000005f645f7369676d6171216807680b4308508ab7e866d7f53f712286712352712458030000005f636d71254b0158060000005f6368695f6e71264740010737767cc6e058080000005f776569676874737127636e756d70792e636f72652e6d756c746961727261790a5f7265636f6e7374727563740a7128636e756d70790a6e6461727261790a71294b0085712a430162712b87712c52712d284b014b0885712e680858020000006638712f8988877130527131284b03680c4e4e4e4affffffff4affffffff4b0074713262894340c0fc6f2530f5e03f922449922449d23f912449922449c23f1c7d92cd463fa53fa00c85356a69c5bfa9cba55b603bddbf6af698789f72e6bfa9cba55b603bedbf71337471346258080000005f705f7369676d617135682868294b00857136682b877137527138284b014b05857139680b894328c383cbb7cf4be13f87ae284bf5d5e33fa31b7b7bd4c1f33fe315ac94861fe4bf1ec3e9634609f0bf713a74713b6258030000005f7063713c682868294b0085713d682b87713e52713f284b014b05857140680b8943283f443b95f422df3f99ae04de5590d63fd6884c7fd288f63f2af548155454e0bf358aa6a3309debbf71417471426258050000005f6d65616e7143682868294b00857144682b877145527146284b014b05857147683189432802e6731dfa67ea3f000000000000104048fb5cd3d4e1e63f52f1cb223e70da3f000000000000084071487471496258060000005f7369676d61714a6807680b43080511c1ed1516d03f714b86714c52714d58020000005f44714e4e58020000005f42714f4e58070000005f626f756e64737150682868294b00857151682b877152527153284b014b054b0286715468318943509a9999999999b93f000000000000f03f000000000000e03f0000000000001a409a9999999999b93f0000000,00000f03f9a9999999999b93f000000000000f03f000000000000e03f0000000000001a4071557471566258110000005f6e5f6d61785f726573616d706c696e6771574b3258020000005f6771584b0658050000005f746f6c7871596807680b4308e11837ce511c453d715a86715b52715c58070000005f746f6c787570715d4740c388000000000058070000005f746f6c66756e715e473d719799812dea1158100000005f746f6c636f6e646974696f6e636f76715f4742d6bcc41e900000580d0000005f66756e686973745f7465726d71604b1d580f0000005f66756e686973745f76616c7565737161682868294b00857162682b877163527164284b014b3a85716568318942d0010000c0f458240000000000000000000000003854a28d7128bc3f7921d8980c4ebc3fc4bcb32da726bc3f71a331419e5bbc3f450abb2b0b28bc3fa4894ba65048bc3f473f6e05cf27bc3fabc9056b604cbc3faeca61b6a326bc3f5e8820a5da7abc3f1922e5377f17bc3fa968fe777b81bc3f46616c73652c2062696e643d4e6f6e652c2070726566697865733d4e6f6e652c2072657475726e696e673d4e6f6e652c2072657475726e5f64656661756c74733d46616c73652c2070726573657276655f706172616d657465725f6f726465723d46616c73652c202a2a6469616c6563745f6b77293a0a2020202072657475726e2074617267657428666e2c2073656c662c207461626c652c207768657265636c617573653d7768657265636c617573652c2076616c7565733d76616c7565732c20696e6c696e653d696e6c696e652c2062696e643d62696e642c2070726566697865733d70726566697865732c2072657475726e696e673d72657475726e696e672c2072657475726e5f64656661756c74733d72657475726e5f64656661756c74732c2070726573657276655f706172616d657465725f6f726465723d70726573657276655f706172616d657465725f6f726465722c202a2a6469616c656371667471676258050000005f635f31647168682868294b00857169682b87716a52716b284b014b0f85716c680b894378bb305e135af1e13fb04d25cf8fc0a03fc6f1e839ce3ab83f6cf87e3956afb33f744fb28bfdd2cdbf1dbb85ba87ccf73f46a8798ef433b63ff28fa192e9039b3f6f31df15ce7fd1bf8d1559734ac1f03fee010328ada4bbbf7d5f71e2bb81be3f43c4fdf1dd0deb3f372413a5b733d3bf30da0b735c38f93f716d74716e6275622e,,COMPLETE
