number,value,datetime_start,datetime_complete,duration,params_blind,params_filter_size_map,params_filter_size_surf,params_max_iteration,params_point_filter_num,system_attrs_fixed_params,state
0,0.11050391403397224,2026-07-14 01:17:34.418811,2026-07-14 01:19:32.517350,0 days 00:01:58.098539,0.5,0.5,0.5,3,3,"{'blind': 0.5, 'max_iteration': 3, 'filter_size_surf': 0.5, 'filter_size_map': 0.5, 'point_filter_num': 3}",COMPLETE
1,0.11013722181773009,2026-07-14 01:19:32.517953,2026-07-14 01:21:47.542005,0 days 00:02:15.024052,0.9566603507525009,0.1457957772315373,0.6472521365619998,5,1,,COMPLETE
2,0.11033485456597153,2026-07-14 01:21:47.542548,2026-07-14 01:23:54.577173,0 days 00:02:07.034625,0.7471940967555863,0.2765112416645004,0.8485988266914181,1,2,,COMPLETE
3,0.1103246698121386,2026-07-14 01:23:54.577802,2026-07-14 01:25:53.530914,0 days 00:01:58.953112,0.9782962239250925,0.33248049439065963,0.3054862587265804,2,1,,COMPLETE
4,0.11046406356414559,2026-07-14 01:25:53.531557,2026-07-14 01:28:03.130127,0 days 00:02:09.598570,0.6091436304067016,0.4187612497721964,0.959327220814375,3,2,,COMPLETE
5,0.11054091933894199,2026-07-14 01:28:03.130784,2026-07-14 01:29:50.084937,0 days 00:01:46.954153,0.5980613717097522,0.6355049974717426,0.8846071217424636,4,5,,COMPLETE
6,0.11032968114870566,2026-07-14 01:29:50.085458,2026-07-14 01:31:54.860036,0 days 00:02:04.774578,0.8981009032007785,0.2677310045922664,0.6021168992672566,1,1,,COMPLETE
7,0.11034717960619662,2026-07-14 01:31:54.860558,2026-07-14 01:33:30.492002,0 days 00:01:35.631444,0.7340874891801156,0.6685783753014406,0.6476689716130742,6,4,,COMPLETE
8,0.1102182551434481,2026-07-14 01:33:30.492525,2026-07-14 01:35:34.026417,0 days 00:02:03.533892,0.927252715577451,0.43454338845831775,0.35735027255640395,1,1,,COMPLETE
9,0.11019470762461935,2026-07-14 01:35:34.027000,2026-07-14 01:37:26.720892,0 days 00:01:52.693892,0.9950636338332793,0.6135051922006557,0.6921803613207821,6,4,,COMPLETE
10,0.1111554210213388,2026-07-14 01:37:26.721431,2026-07-14 01:39:18.858095,0 days 00:01:52.136664,0.21456490287685226,0.8915024447247328,0.11696014221710488,5,6,,COMPLETE
11,0.11025729421534039,2026-07-14 01:39:18.858614,2026-07-14 01:41:24.326741,0 days 00:02:05.468127,0.9934626479652271,0.10304665260154759,0.7385245576969051,6,4,,COMPLETE
12,0.11036284185318743,2026-07-14 01:41:24.327275,2026-07-14 01:43:28.760487,0 days 00:02:04.433212,0.3841253036285148,0.7790738918406972,0.7553330261856962,5,3,,COMPLETE
13,0.11032436582836307,2026-07-14 01:43:28.761119,2026-07-14 01:45:12.264312,0 days 00:01:43.503193,0.7939781927004985,0.9926138033920551,0.46838979767599365,5,5,,COMPLETE
14,0.11040076676855183,2026-07-14 01:45:12.264851,2026-07-14 01:47:08.506480,0 days 00:01:56.241629,0.8290511232831769,0.14510558987886807,0.7137814944831453,6,2,,COMPLETE
15,0.11065052489848677,2026-07-14 01:47:08.507062,2026-07-14 01:48:38.530768,0 days 00:01:30.023706,0.6809268254413717,0.5970832303116603,0.5265365106332475,4,5,,COMPLETE
16,0.1108463126513435,2026-07-14 01:48:38.531304,2026-07-14 01:50:13.778125,0 days 00:01:35.246821,0.13994580444656513,0.7346078203279658,0.4042412491486942,5,3,,COMPLETE
17,0.11023856276090252,2026-07-14 01:50:13.778653,2026-07-14 01:51:43.102028,0 days 00:01:29.323375,0.8606507124072422,0.523737311869508,0.6355592425393988,6,4,,COMPLETE
18,0.11066599960985976,2026-07-14 01:51:43.102613,2026-07-14 01:53:32.643964,0 days 00:01:49.541351,0.4944280476379955,0.8029982259126895,0.8250023770471319,4,6,,COMPLETE
19,0.11027488096391067,2026-07-14 01:53:32.644577,2026-07-14 01:55:18.328078,0 days 00:01:45.683501,0.34712992778124585,0.3701048737989925,0.23522552513935774,5,2,,COMPLETE
20,0.11018047883880304,2026-07-14 01:55:18.328752,2026-07-14 01:57:09.896427,0 days 00:01:51.567675,0.9280849457211606,0.5366742275756708,0.9933331791881773,6,3,,COMPLETE
21,0.11042746302897506,2026-07-14 01:57:09.896963,2026-07-14 01:58:44.853815,0 days 00:01:34.956852,0.9993020617781597,0.2219388152864158,0.972234541486531,6,3,,COMPLETE
22,0.11010390059410569,2026-07-14 01:58:44.854390,2026-07-14 02:00:26.671154,0 days 00:01:41.816764,0.8973234351347691,0.5477612870152049,0.7957999693972938,6,4,,COMPLETE
23,0.11023204000743803,2026-07-14 02:00:26.671730,2026-07-14 02:02:13.981774,0 days 00:01:47.310044,0.8902960701721976,0.5017752551549782,0.9048717160030186,5,5,,COMPLETE
24,0.11015397492128744,2026-07-14 02:02:13.982481,2026-07-14 02:03:44.518147,0 days 00:01:30.535666,0.7992828851691174,0.19852686115210094,0.7988918620029852,6,2,,COMPLETE
25,0.110485672212354,2026-07-14 02:03:44.518700,2026-07-14 02:05:40.984529,0 days 00:01:56.465829,0.6962968395985949,0.18181483940485388,0.7911038648325074,5,1,,COMPLETE
26,0.11033368900116558,2026-07-14 02:05:40.985069,2026-07-14 02:07:39.543222,0 days 00:01:58.558153,0.8166404293650285,0.1026967692242963,0.5959116747452867,4,2,,COMPLETE
27,0.11019943898052105,2026-07-14 02:07:39.543763,2026-07-14 02:09:35.976080,0 days 00:01:56.432317,0.7803066910752414,0.2952386875550112,0.8012670020427928,6,1,,COMPLETE
28,0.11015187166992442,2026-07-14 02:09:35.976681,2026-07-14 02:11:10.096116,0 days 00:01:34.119435,0.6604091578857152,0.21670038347729476,0.6835609118158864,5,2,,COMPLETE
29,0.1103522074513993,2026-07-14 02:11:10.096682,2026-07-14 02:13:16.030613,0 days 00:02:05.933931,0.5188087489810869,0.4118877325484839,0.5479014677000462,3,3,,COMPLETE
30,0.11014991397005186,2026-07-14 02:13:16.031159,2026-07-14 02:15:16.251561,0 days 00:02:00.220402,0.4373743054048448,0.24417190262452837,0.4720311585348703,4,1,,COMPLETE
31,0.1102393363044276,2026-07-14 02:15:16.252162,2026-07-14 02:17:22.847670,0 days 00:02:06.595508,0.42875967145667093,0.23753867463695238,0.4669787101964344,4,1,,COMPLETE
32,0.11076977633810084,2026-07-14 02:17:22.848231,2026-07-14 02:18:57.021081,0 days 00:01:34.172850,0.3187686865042756,0.3383401300976395,0.6546814801901688,5,1,,COMPLETE
33,0.11053697204131174,2026-07-14 02:18:57.021645,2026-07-14 02:20:43.748096,0 days 00:01:46.726451,0.45404597053087487,0.14527773630900512,0.4181983291259676,4,2,,COMPLETE
34,0.11015561727325286,2026-07-14 02:20:43.748688,2026-07-14 02:22:34.283725,0 days 00:01:50.535037,0.5998603409000842,0.30143680130249795,0.6820864012396436,3,1,,COMPLETE
35,0.11041643515823939,2026-07-14 02:22:34.284317,2026-07-14 02:24:23.772443,0 days 00:01:49.488126,0.6542507694266959,0.16027252116777943,0.6029728176412432,5,2,,COMPLETE
36,0.11041229016706926,2026-07-14 02:24:23.772987,2026-07-14 02:26:16.176788,0 days 00:01:52.403801,0.27883655324700496,0.45185217688531965,0.9033392790668778,2,1,,COMPLETE
37,0.11044300062335316,2026-07-14 02:26:16.177377,2026-07-14 02:28:08.901567,0 days 00:01:52.724190,0.5669585441924432,0.26208443824913363,0.5693577962144281,4,2,,COMPLETE
38,0.11047124074847868,2026-07-14 02:28:08.902174,2026-07-14 02:29:55.961858,0 days 00:01:47.059684,0.7314418338372569,0.3679134855068603,0.28683527719611246,2,1,,COMPLETE
39,0.10986462529169409,2026-07-14 02:29:55.962395,2026-07-14 02:31:28.203701,0 days 00:01:32.241306,0.9482998792998298,0.23510016325160327,0.8662957553723631,5,4,,COMPLETE
40,0.11046482666852245,2026-07-14 02:31:28.204281,2026-07-14 02:33:37.958911,0 days 00:02:09.754630,0.92931228495689,0.4603936411131828,0.8515664727022445,4,4,,COMPLETE
41,0.11066001781746126,2026-07-14 02:33:37.959460,2026-07-14 02:35:16.104100,0 days 00:01:38.144640,0.9463604695809433,0.22415259121758535,0.7522802416611744,5,4,,COMPLETE
42,0.11033840435595887,2026-07-14 02:35:16.104656,2026-07-14 02:37:06.626332,0 days 00:01:50.521676,0.8689723017353803,0.269748075202481,0.8589928628338096,5,5,,COMPLETE
43,0.11004770793859431,2026-07-14 02:37:06.626984,2026-07-14 02:38:58.691956,0 days 00:01:52.064972,0.9579570442151549,0.3459085314168903,0.9333332856828578,5,4,,COMPLETE
44,0.11035760963657515,2026-07-14 02:38:58.692509,2026-07-14 02:40:50.322685,0 days 00:01:51.630176,0.9420197479701611,0.31274366587417185,0.8961512386678532,3,4,,COMPLETE
45,0.11011024224951164,2026-07-14 02:40:50.323215,2026-07-14 02:42:40.633225,0 days 00:01:50.310010,0.8556493768841842,0.3887187174270056,0.9598748575503062,6,4,,COMPLETE
46,0.11022335343395014,2026-07-14 02:42:40.633862,2026-07-14 02:44:31.543661,0 days 00:01:50.909799,0.9609700649100771,0.5793721539829474,0.9587085834874984,6,4,,COMPLETE
47,0.11037454356225132,2026-07-14 02:44:31.544266,2026-07-14 02:46:18.952089,0 days 00:01:47.407823,0.853559131746594,0.6540043564186374,0.9307355837303739,6,5,,COMPLETE
48,0.10997574528401562,2026-07-14 02:46:18.952679,2026-07-14 02:47:50.279412,0 days 00:01:31.326733,0.8899546545916952,0.3711622462930607,0.9313085049043863,6,4,,COMPLETE
49,0.11031602202405107,2026-07-14 02:47:50.279983,2026-07-14 02:49:36.888530,0 days 00:01:46.608547,0.904847261870884,0.357460198357192,0.9340374283492093,6,4,,COMPLETE
