number,value,datetime_start,datetime_complete,duration,params_blind,params_filter_size_map,params_filter_size_surf,params_max_iteration,params_point_filter_num,system_attrs_cma:generation,system_attrs_cma:n_restarts,system_attrs_cma:optimizer:0,system_attrs_cma:optimizer:1,system_attrs_fixed_params,state
0,0.11050391403397224,2026-07-14 02:49:38.556743,2026-07-14 02:51:26.408541,0 days 00:01:47.851798,0.5,0.5,0.5,3,3,,,,,"{'blind': 0.5, 'max_iteration': 3, 'filter_size_surf': 0.5, 'filter_size_map': 0.5, 'point_filter_num': 3}",COMPLETE
1,0.10999211986411772,2026-07-14 02:51:26.409211,2026-07-14 02:53:04.030589,0 days 00:01:37.621378,0.4159699205197687,0.7503081170883736,0.41310438692495366,4,3,0.0,0.0,,,,COMPLETE
2,0.11019071755128798,2026-07-14 02:53:04.031164,2026-07-14 02:54:49.760135,0 days 00:01:45.728971,0.6352819348208824,0.5835818055129257,0.8664399448135537,4,3,0.0,0.0,,,,COMPLETE
3,0.11029250451822188,2026-07-14 02:54:49.760685,2026-07-14 02:56:22.902426,0 days 00:01:33.141741,0.5852922080128022,0.634368719540691,0.5618529824374295,4,3,0.0,0.0,,,,COMPLETE
4,0.11030011023401115,2026-07-14 02:56:22.903002,2026-07-14 02:58:12.066136,0 days 00:01:49.163134,0.31279812887674247,0.47783133253813315,0.4077968555451491,3,3,0.0,0.0,,,,COMPLETE
5,0.11038183971058153,2026-07-14 02:58:12.066733,2026-07-14 02:59:51.948109,0 days 00:01:39.881376,0.625556994403896,0.5649486386383719,0.48770674254225443,3,4,0.0,0.0,,,,COMPLETE
6,0.11038743874432495,2026-07-14 02:59:51.948643,2026-07-14 03:01:36.857342,0 days 00:01:44.908699,0.6569559465463055,0.6351162598599496,0.5103148409358282,3,4,0.0,0.0,,,,COMPLETE
7,0.11056593638943991,2026-07-14 03:01:36.857936,2026-07-14 03:03:30.331960,0 days 00:01:53.474024,0.5499916077660424,0.4147832172699058,0.8119405077326143,3,4,0.0,0.0,,,,COMPLETE
8,0.11035750042664506,2026-07-14 03:03:30.332559,2026-07-14 03:05:09.661175,0 days 00:01:39.328616,0.5375905050627993,0.5662905485493667,0.32864593915489687,3,4,0.0,0.0,,,,COMPLETE
9,0.11027263608791027,2026-07-14 03:05:09.661774,2026-07-14 03:07:03.366021,0 days 00:01:53.704247,0.6796110889453717,0.4802792730296772,0.9033734660261457,4,3,1.0,0.0,800363636d6165732e5f636d610a434d410a7100298171017d71022858060000005f6e5f64696d71034b0558080000005f706f7073697a6571044b0858030000005f6d7571054b0458070000005f6d755f6566667106636e756d70792e636f72652e6d756c746961727261790a7363616c61720a7107636e756d70790a64747970650a7108580200000066387109898887710a52710b284b0358010000003c710c4e4e4e4affffffff4affffffff4b0074710d62430820436f8e2acd0440710e86710f52711058030000005f636371116807680b43084f2d90ce11d0dc3f711286711352711458030000005f633171156807680b430841296f67b236a83f711686711752711858040000005f636d7571196807680b430854afe081e88aa33f711a86711b52711c58080000005f635f7369676d61711d6807680b43084129dea29b5dd73f711e86711f52712058080000005f645f7369676d6171216807680b4308508ab7e866d7f53f712286712352712458030000005f636d71254b0158060000005f6368695f6e71264740010737767cc6e058080000005f776569676874737127636e756d70792e636f72652e6d756c746961727261790a5f7265636f6e7374727563740a7128636e756d70790a6e6461727261790a71294b0085712a430162712b87712c52712d284b014b0885712e680b894340c0fc6f2530f5e03f922449922449d23f912449922449c23f1c7d92cd463fa53fa00c85356a69c5bfa9cba55b603bddbf6af698789f72e6bfa9cba55b603bedbf712f7471306258080000005f705f7369676d617131682868294b00857132682b877133527134284b014b05857135680b894328f96dcc91ab5adbbf82c851a4ca760e40776cdadc380abd3fcce5af179695f03fc71d2a36539c10c071367471376258030000005f70637138682868294b00857139682b87713a52713b284b014b0585713c680b89432800000000000000000000000000000000000000000000000000000000000000000000000000000000713d74713e6258050000005f6d65616e713f682868294b00857140682b877141527142284b014b05857143680b8943285d44b4a30be8df3f0cb6c9e402ab0f403a20224b7d09e23fac39d02cfa97e53f000000000000084071447471456258050000005f635f31647146682868294b00857147682b877148527149284b014b0f85714a680b8943781938ecf91bd9f03f581d9e824a0d7dbff28b3fa1be4ca13ff7cf4fcaa8e797bf9a39870bc15c983fe9621307022ef43f1607a85ab857a63f1e973470bf82ba3f43aeed096cb5c8bf76fbb6896735f13f1720d7b6d0c17bbf943843509437a1bfddeeb9239a07f13f4b7c0b19ca35b9bfe9621307022ef43f714b74714c6258060000005f7369676d61714d6807680b4,308be569a067d3fce3f714e86714f52715058020000005f4471514e58020000005f4271524e58070000005f626f756e64737153682868294b00857154682b877155527156284b014b054b02867157680b8943509a9999999999b93f000000000000f03f000000000000e03f0000000000001a409a9999999999b93f000000000000f03f9a9999999999b93f000000000000f03f000000000000e03f0000000000001a4071587471596258110000005f6e5f6d61785f726573616d706c696e67715a4b3258020000005f67715b4b0158050000005f746f6c78715c6807680b4308e11837ce511c453d715d86715e52715f58070000005f746f6c78757071604740c388000000000058070000005f746f6c66756e7161473d719799812dea1158100000005f746f6c636f6e646974696f6e636f7671624742d6bcc41e900000580d0000005f66756e686973745f7465726d71634b1d580f0000005f66756e686973745f76616c7565737164682868294b00857165682b877166527167284b014b3a857168680b8942d0010000c0f458240000000000000000000000003854a28d7128bc3f7921d8980c4ebc3fe4319c00000000000000000000000000646566205f5f696e69745f5f2873656c662c207461626c652c207768657265636c617573653d4e6f6e652c2076616c7565733d4e6f6e652c20696e6c696e653d46616c73652c2062696e643d4e6f6e652c2070726566697865733d4e6f6e652c2072657475726e696e673d4e6f6e652c2072657475726e5f64656661756c74733d46616c73652c2070726573657276655f706172616d657465725f6f726465723d46616c73652c202a2a6469616c6563745f6b77293a0a2020202072657475726e2074617267657428666e2c2073656c662c207461626c652c207768657265636c617573653d7768657265636c617573652c2076616c7565733d76616c7565732c20696e6c696e653d696e6c696e652c2062696e643d62696e642c2070726566697865733d70726566697865732c2072657475726e696e673d72657475726e696e672c2072657475726e5f64656661756c74733d72657475726e5f64656661756c74732c2070726573657276655f706172616d657465725f6f726465723d70726573657276655f706172616d657465725f6f726465722c202a2a6469616c6563716974716a6275622e,,COMPLETE
10,0.11031104321499902,2026-07-14 03:07:03.366593,2026-07-14 03:08:53.691059,0 days 00:01:50.324466,0.5588142364990096,0.6168085621207636,0.3766740441297628,4,3,1.0,0.0,,,,COMPLETE
11,0.11077298251769975,2026-07-14 03:08:53.691634,2026-07-14 03:10:48.528877,0 days 00:01:54.837243,0.2873576077444118,0.7316629455253214,0.5688733278693023,4,3,1.0,0.0,,,,COMPLETE
12,0.11055458863061778,2026-07-14 03:10:48.529419,2026-07-14 03:12:46.990451,0 days 00:01:58.461032,0.8726771975077535,0.5448218384959291,0.3263576944764744,4,3,1.0,0.0,,,,COMPLETE
13,0.11019975974815624,2026-07-14 03:12:46.991087,2026-07-14 03:14:17.233330,0 days 00:01:30.242243,0.45508551819930676,0.5217621576518499,0.4276149717367328,4,3,1.0,0.0,,,,COMPLETE
14,0.11047305663618694,2026-07-14 03:14:17.233887,2026-07-14 03:16:08.966770,0 days 00:01:51.732883,0.48527141942232604,0.8118372021787311,0.5447129276834777,4,3,1.0,0.0,,,,COMPLETE
15,0.10996479860090164,2026-07-14 03:16:08.967306,2026-07-14 03:17:55.089938,0 days 00:01:46.122632,0.6753560604818758,0.5775736120202785,0.20849468142521216,4,3,1.0,0.0,,,,COMPLETE
16,0.11047642239416629,2026-07-14 03:17:55.090504,2026-07-14 03:19:34.166278,0 days 00:01:39.075774,0.44212627627349843,0.6608682408371026,0.5145175372900138,4,3,1.0,0.0,,,,COMPLETE
17,0.11022635860979751,2026-07-14 03:19:34.166891,2026-07-14 03:21:32.327359,0 days 00:01:58.160468,0.4035490714248543,0.4836957056872251,0.11088664910046664,4,3,2.0,0.0,800363636d6165732e5f636d610a434d410a7100298171017d71022858060000005f6e5f64696d71034b0558080000005f706f7073697a6571044b0858030000005f6d7571054b0458070000005f6d755f6566667106636e756d70792e636f72652e6d756c746961727261790a7363616c61720a7107636e756d70790a64747970650a7108580200000066387109898887710a52710b284b0358010000003c710c4e4e4e4affffffff4affffffff4b0074710d62430820436f8e2acd0440710e86710f52711058030000005f636371116807680b43084f2d90ce11d0dc3f711286711352711458030000005f633171156807680b430841296f67b236a83f711686711752711858040000005f636d7571196807680b430854afe081e88aa33f711a86711b52711c58080000005f635f7369676d61711d6807680b43084129dea29b5dd73f711e86711f52712058080000005f645f7369676d6171216807680b4308508ab7e866d7f53f712286712352712458030000005f636d71254b0158060000005f6368695f6e71264740010737767cc6e058080000005f776569676874737127636e756d70792e636f72652e6d756c746961727261790a5f7265636f6e7374727563740a7128636e756d70790a6e6461727261790a71294b0085712a430162712b87712c52712d284b014b0885712e680858020000006638712f8988877130527131284b03680c4e4e4e4affffffff4affffffff4b0074713262894340c0fc6f2530f5e03f922449922449d23f912449922449c23f1c7d92cd463fa53fa00c85356a69c5bfa9cba55b603bddbf6af698789f72e6bfa9cba55b603bedbf71337471346258080000005f705f7369676d617135682868294b00857136682b877137527138284b014b05857139680b894328df96e75de54bd33fcce73ba84941054096776ea9048becbf80a14f6f64f0793fca09b18eb14c05c0713a74713b6258030000005f7063713c682868294b0085713d682b87713e52713f284b014b05857140680b8943280000000000000000000000000000000000000000000000000000000000000000000000000000000071417471426258050000005f6d65616e7143682868294b00857144682b877145527146284b014b058571476831894328f9db018d5176e33f00000000000010409cab1f6e7826d83f394c63095494e13f000000000000084071487471496258060000005f7369676d61714a6807680b43083a76921941d7d23f714b86714c52714d58020000005f44714e4e58020000005f42714f4e58070000005f626f756e64737150682868294b00857151682b877152527153284b014b054b0286715468318943509a9999999999b93f000000000000f03f000000000000e03f0000000000001a409a9999999999b93f0000000,00000f03f9a9999999999b93f000000000000f03f000000000000e03f0000000000001a4071557471566258110000005f6e5f6d61785f726573616d706c696e6771574b3258020000005f6771584b0258050000005f746f6c7871596807680b4308e11837ce511c453d715a86715b52715c58070000005f746f6c787570715d4740c388000000000058070000005f746f6c66756e715e473d719799812dea1158100000005f746f6c636f6e646974696f6e636f76715f4742d6bcc41e900000580d0000005f66756e686973745f7465726d71604b1d580f0000005f66756e686973745f76616c7565737161682868294b00857162682b877163527164284b014b3a85716568318942d0010000c0f458240000000000000000000000003854a28d7128bc3f7921d8980c4ebc3fc4bcb32da726bc3f71a331419e5bbc3f646566205f5f696e69745f5f2873656c662c207461626c652c207768657265636c617573653d4e6f6e652c2076616c7565733d4e6f6e652c20696e6c696e653d46616c73652c2062696e643d4e6f6e652c2070726566697865733d4e6f6e652c2072657475726e696e673d4e6f6e652c2072657475726e5f64656661756c74733d46616c73652c2070726573657276655f706172616d657465725f6f726465723d46616c73652c202a2a6469616c6563745f6b77293a0a2020202072657475726e2074617267657428666e2c2073656c662c207461626c652c207768657265636c617573653d7768657265636c617573652c2076616c7565733d76616c7565732c20696e6c696e653d696e6c696e652c2062696e643d62696e642c2070726566697865733d70726566697865732c2072657475726e696e673d72657475726e696e672c2072657475726e5f64656661756c74733d72657475726e5f64656661756c74732c2070726573657276655f706172616d657465725f6f726465723d70726573657276655f706172616d657465725f6f726465722c202a2a6469616c656371667471676258050000005f635f31647168682868294b00857169682b87716a52716b284b014b0f85716c680b8943781a7073bf99bde93fe83b07051f36a93fb80e51e2c3f4a63f94bb37b4eb00a33f086c18f98b2a993f127f3a08a459f43f42de1385d37db23f7536d911cc7bb83f61ccc6f52386c9bfbe39f473e6aff13f031f63d5a03596bf6c1bcce303c9a1bf5c3790faa4ddf03fa2f2525cbe0ababf9a03042e78d8f43f716d74716e6275622e,,COMPLETE
18,0.110007676171424,2026-07-14 03:21:32.327928,2026-07-14 03:23:32.081196,0 days 00:01:59.753268,0.8107800729624066,0.5527487499722386,0.8198203085364408,5,3,2.0,0.0,,,,COMPLETE
19,0.11047843990266998,2026-07-14 03:23:32.081779,2026-07-14 03:25:25.237578,0 days 00:01:53.155799,0.8610228109290661,0.9829445198335499,0.216583749832379,4,3,2.0,0.0,,,,COMPLETE
20,0.1101927326566148,2026-07-14 03:25:25.238156,2026-07-14 03:27:03.184974,0 days 00:01:37.946818,0.5355350464258082,0.6695336707588979,0.27835208237530695,4,4,2.0,0.0,,,,COMPLETE
21,0.11020181669164653,2026-07-14 03:27:03.185588,2026-07-14 03:29:00.743339,0 days 00:01:57.557751,0.12279456243960313,0.23963576637878015,0.4647293381087414,4,3,2.0,0.0,,,,COMPLETE
22,0.11006281413813929,2026-07-14 03:29:00.743989,2026-07-14 03:30:52.029178,0 days 00:01:51.285189,0.7464389337795503,0.22183478220679387,0.2960715649169064,4,3,2.0,0.0,,,,COMPLETE
23,0.11027692362009808,2026-07-14 03:30:52.029744,2026-07-14 03:32:47.564472,0 days 00:01:55.534728,0.6963853606309964,0.525016463313668,0.21755540465935735,4,3,2.0,0.0,,,,COMPLETE
24,0.1099860173954222,2026-07-14 03:32:47.565048,2026-07-14 03:34:35.031625,0 days 00:01:47.466577,0.7957335165126689,0.7139079671879802,0.2821261559013267,3,3,2.0,0.0,,,,COMPLETE
25,0.11039309713116097,2026-07-14 03:34:35.032193,2026-07-14 03:36:26.765572,0 days 00:01:51.733379,0.5551608648066426,0.5778011975426192,0.707558711722263,4,3,3.0,0.0,800363636d6165732e5f636d610a434d410a7100298171017d71022858060000005f6e5f64696d71034b0558080000005f706f7073697a6571044b0858030000005f6d7571054b0458070000005f6d755f6566667106636e756d70792e636f72652e6d756c746961727261790a7363616c61720a7107636e756d70790a64747970650a7108580200000066387109898887710a52710b284b0358010000003c710c4e4e4e4affffffff4affffffff4b0074710d62430820436f8e2acd0440710e86710f52711058030000005f636371116807680b43084f2d90ce11d0dc3f711286711352711458030000005f633171156807680b430841296f67b236a83f711686711752711858040000005f636d7571196807680b430854afe081e88aa33f711a86711b52711c58080000005f635f7369676d61711d6807680b43084129dea29b5dd73f711e86711f52712058080000005f645f7369676d6171216807680b4308508ab7e866d7f53f712286712352712458030000005f636d71254b0158060000005f6368695f6e71264740010737767cc6e058080000005f776569676874737127636e756d70792e636f72652e6d756c746961727261790a5f7265636f6e7374727563740a7128636e756d70790a6e6461727261790a71294b0085712a430162712b87712c52712d284b014b0885712e680858020000006638712f8988877130527131284b03680c4e4e4e4affffffff4affffffff4b0074713262894340c0fc6f2530f5e03f922449922449d23f912449922449c23f1c7d92cd463fa53fa00c85356a69c5bfa9cba55b603bddbf6af698789f72e6bfa9cba55b603bedbf71337471346258080000005f705f7369676d617135682868294b00857136682b877137527138284b014b05857139680b894328f487d6c7936bf03fc6b3c8bb9ea6e73fb04f32681ec2d3bff4062aeb60eccc3f201c096069b4f9bf713a74713b6258030000005f7063713c682868294b0085713d682b87713e52713f284b014b05857140680b89432830fc9fa0ae79e93f82ce5cf5bbe0f1bfaa4352e3c2a3d13f195e9090bd27cb3f4d9a85cf9c4dc83f71417471426258050000005f6d65616e7143682868294b00857144682b877145527146284b014b05857147683189432806cd05d8b807e93f6225ed88d80b0e40c9c973c87301dc3f6a64218d2d10e33ff449361bfd54084071487471496258060000005f7369676d61714a6807680b43081aa29db2ffb9d23f714b86714c52714d58020000005f44714e4e58020000005f42714f4e58070000005f626f756e64737150682868294b00857151682b877152527153284b014b054b0286715468318943509a9999999999b93f000000000000f03f000000000000e03f0000000000001a409a9999999999b93f0000000,00000f03f9a9999999999b93f000000000000f03f000000000000e03f0000000000001a4071557471566258110000005f6e5f6d61785f726573616d706c696e6771574b3258020000005f6771584b0358050000005f746f6c7871596807680b4308e11837ce511c453d715a86715b52715c58070000005f746f6c787570715d4740c388000000000058070000005f746f6c66756e715e473d719799812dea1158100000005f746f6c636f6e646974696f6e636f76715f4742d6bcc41e900000580d0000005f66756e686973745f7465726d71604b1d580f0000005f66756e686973745f76616c7565737161682868294b00857162682b877163527164284b014b3a85716568318942d0010000c0f458240000000000000000000000003854a28d7128bc3f7921d8980c4ebc3fc4bcb32da726bc3f71a331419e5bbc3f450abb2b0b28bc3fa4894ba65048bc3f662c207461626c652c207768657265636c617573653d4e6f6e652c2076616c7565733d4e6f6e652c20696e6c696e653d46616c73652c2062696e643d4e6f6e652c2070726566697865733d4e6f6e652c2072657475726e696e673d4e6f6e652c2072657475726e5f64656661756c74733d46616c73652c2070726573657276655f706172616d657465725f6f726465723d46616c73652c202a2a6469616c6563745f6b77293a0a2020202072657475726e2074617267657428666e2c2073656c662c207461626c652c207768657265636c617573653d7768657265636c617573652c2076616c7565733d76616c7565732c20696e6c696e653d696e6c696e652c2062696e643d62696e642c2070726566697865733d70726566697865732c2072657475726e696e673d72657475726e696e672c2072657475726e5f64656661756c74733d72657475726e5f64656661756c74732c2070726573657276655f706172616d657465725f6f726465723d70726573657276655f706172616d657465725f6f726465722c202a2a6469616c656371667471676258050000005f635f31647168682868294b00857169682b87716a52716b284b014b0f85716c680b894378b85ff4be254be73f16d865a985be86bfc2c09c4bf66eba3f98c813b4d1b3a1bfe0f293565b209f3fecc2d265e50afb3f9a14431c645ac13ffda7ede744c8a73f608a8f7fe8cecabfb9950d828703ef3f1031d97b91fd63bfa936a918c871a1bf3ac92229f0fbed3f565a61adf3fdb8bf8f46b2a4502af53f716d74716e6275622e,,COMPLETE
26,0.11054041493279125,2026-07-14 03:36:26.766164,2026-07-14 03:38:01.619907,0 days 00:01:34.853743,0.4622076589187714,0.7017021880941227,0.37679737142914177,3,3,3.0,0.0,,,,COMPLETE
27,0.10999946792503724,2026-07-14 03:38:01.620482,2026-07-14 03:39:50.784771,0 days 00:01:49.164289,0.8754922511285834,0.34915083359171406,0.37833961477268185,4,3,3.0,0.0,,,,COMPLETE
28,0.11015186004532648,2026-07-14 03:39:50.785349,2026-07-14 03:41:47.854543,0 days 00:01:57.069194,0.8290590038957797,0.5297536905722262,0.17768622808669893,3,3,3.0,0.0,,,,COMPLETE
29,0.1102682113000878,2026-07-14 03:41:47.855104,2026-07-14 03:43:26.997345,0 days 00:01:39.142241,0.6561678026293255,0.3888472498417884,0.5534797928954861,4,3,3.0,0.0,,,,COMPLETE
30,0.10998243219932845,2026-07-14 03:43:26.997944,2026-07-14 03:45:18.144746,0 days 00:01:51.146802,0.4030691292828575,0.44696751984695987,0.7615315238774525,4,4,3.0,0.0,,,,COMPLETE
31,0.11028308613358798,2026-07-14 03:45:18.145348,2026-07-14 03:46:52.681573,0 days 00:01:34.536225,0.4493307145363354,0.753744849012664,0.5505112976801946,4,3,3.0,0.0,,,,COMPLETE
32,0.11022467352822192,2026-07-14 03:46:52.682173,2026-07-14 03:48:50.141553,0 days 00:01:57.459380,0.7867471128854365,0.7608056191507756,0.39010893436420496,4,3,3.0,0.0,,,,COMPLETE
