number,value,datetime_start,datetime_complete,duration,params_corner_curvature,params_icp_maximum_iteration,params_livox_min_dis,params_mapping_plane_resolution,params_surface_curvature,system_attrs_cma:generation,system_attrs_cma:n_restarts,system_attrs_cma:optimizer:0,system_attrs_cma:optimizer:1,system_attrs_fixed_params,state
33,0.6604437115490744,2026-07-26 11:48:12.329313,2026-07-26 11:52:46.854468,0 days 00:04:34.525155,0.29999999999999993,5,0.9999999999999999,1.1999999999999997,0.001,4.0,0.0,800363636d6165732e5f636d610a434d410a7100298171017d71022858060000005f6e5f64696d71034b0558080000005f706f7073697a6571044b0858030000005f6d7571054b0458070000005f6d755f6566667106636e756d70792e636f72652e6d756c746961727261790a7363616c61720a7107636e756d70790a64747970650a7108580200000066387109898887710a52710b284b0358010000003c710c4e4e4e4affffffff4affffffff4b0074710d62430820436f8e2acd0440710e86710f52711058030000005f636371116807680b43084f2d90ce11d0dc3f711286711352711458030000005f633171156807680b430841296f67b236a83f711686711752711858040000005f636d7571196807680b430854afe081e88aa33f711a86711b52711c58080000005f635f7369676d61711d6807680b43084129dea29b5dd73f711e86711f52712058080000005f645f7369676d6171216807680b4308508ab7e866d7f53f712286712352712458030000005f636d71254b0158060000005f6368695f6e71264740010737767cc6e058080000005f776569676874737127636e756d70792e636f72652e6d756c746961727261790a5f7265636f6e7374727563740a7128636e756d70790a6e6461727261790a71294b0085712a430162712b87712c52712d284b014b0885712e680858020000006638712f8988877130527131284b03680c4e4e4e4affffffff4affffffff4b0074713262894340c0fc6f2530f5e03f922449922449d23f912449922449c23f1c7d92cd463fa53fa00c85356a69c5bfa9cba55b603bddbf6af698789f72e6bfa9cba55b603bedbf71337471346258080000005f705f7369676d617135682868294b00857136682b877137527138284b014b05857139680b8943284d09806fb1d8a7bfd24f49a31786b0bf130d41d2ee52c6bf142bfa40b722ce3fb2efb7c3242c4940713a74713b6258030000005f7063713c682868294b0085713d682b87713e52713f284b014b05857140680b8943280000000000000000000000000000000000000000000000000000000000000000000000000000000071417471426258050000005f6d65616e7143682868294b00857144682b877145527146284b014b058571476831894328004895263318d73f08d7a3703d0ac73f8ec206a29d8f7d3fb77a7d6a1440f03fdbb66ddbb66d3a4071487471496258060000005f7369676d61714a6807680b43083b4eecf3a1f36e44714b86714c52714d58020000005f44714e4e58020000005f42714f4e58070000005f626f756e64737150682868294b00857151682b877152527153284b014b054b0286715468318943509a9999999999a93f000000000000f03f7b14ae47e17a943f333333333333d33ffca9f1d24d62503f7b14ae4,7e17a943f9a9999999999c93f333333333333f33f00000000000012400000000000803e4071557471566258110000005f6e5f6d61785f726573616d706c696e6771574b3258020000005f6771584b0458050000005f746f6c7871596807680b43084d48ee10d685ec3c715a86715b52715c58070000005f746f6c787570715d4740c388000000000058070000005f746f6c66756e715e473d719799812dea1158100000005f746f6c636f6e646974696f6e636f76715f4742d6bcc41e900000580d0000005f66756e686973745f7465726d71604b1d580f0000005f66756e686973745f76616c7565737161682868294b00857162682b877163527164284b014b3a85716568318942d001000080177e1a00000000000000000000000066faa1a21d1ee43fdde7919cdee3fe3fd98f57405748e33fc1ef8f040772e43f61bf77c38eace33f1c03278c0f09f53fce668a615904e43f0ab0a39de3d1f43f05000500ed7f00000100000000000000ec48dc1a00000000ceff981b000000003d0000003d00000017000000510000002b0000000100000000000000060000000b0000002d0000003c0000003d0000003d000000000000000000020000000000a812f91a0000000048b8111b00000000000000000000000000000000000000001800000000000000ceff981b000000003d0000003d000000000000000000000000000000000000000100000000000000ff01010001000000089a5cd1ed7f000010511fc4ed7f000050dd4bd1ed7f000000150ec4ed7f000000000000000000000000000000000000c02a991b00000000c02a991b00000000d8a74dd1ed7f000000dc349fed7f0000b0ca95a0ed7f000048c0349fed7f000090c0349fed7f0000a8c0349fed7f0000583be7a0ed7f000070dc349fed7f0000a8dc349fed7f0000b08f349fed7f000010e160d1ed7f0000f080349fed7f0000503660d1ed7f0000708950d1ed7f000030de5cd1ed7f0000f0d563d1ed7f0000f06750d1ed7f000071667471676258050000005f635f31647168682868294b00857169682b87716a52716b284b014b0f85716c680b894378c4a5f03f835df23ffd32bd0fe31176bf6684dbbfac647a3ff1fee902de807dbfa9d1bd32310eefbf6f45870974abf23f93387b1b301278bfb85ab529718197bf1e7a713ba17cf5bf58fc2f823580f23f7006d5acb67281bf1f1732f237110dc061c72d1610f7f23f433e9702d09f13409ab6eade5f669040716d74716e6275622e,,COMPLETE
34,0.6105630748044826,2026-07-26 11:52:46.896168,2026-07-26 11:55:45.177485,0 days 00:02:58.281317,0.29999999999999993,30,0.05,1.1999999999999997,0.019999999999999997,4.0,0.0,,,,COMPLETE
35,0.6013717784591501,2026-07-26 11:55:45.295165,2026-07-26 12:00:14.968723,0 days 00:04:29.673558,0.02,30,0.9999999999999999,1.1999999999999997,0.019999999999999997,4.0,0.0,,,,COMPLETE
36,0.5975162291655257,2026-07-26 12:00:15.627314,2026-07-26 12:04:31.277556,0 days 00:04:15.650242,0.29999999999999993,30,0.05,1.1999999999999997,0.019999999999999997,4.0,0.0,,,,COMPLETE
37,0.6034041635634352,2026-07-26 12:04:31.373840,2026-07-26 12:10:07.238047,0 days 00:05:35.864207,0.02,5,0.9999999999999999,1.1999999999999997,0.001,4.0,0.0,,,,COMPLETE
38,0.6042783928689027,2026-07-26 12:10:09.859217,2026-07-26 12:15:45.584635,0 days 00:05:35.725418,0.02,30,0.9999999999999999,0.2,0.001,4.0,0.0,,,,COMPLETE
39,0.672471370224752,2026-07-26 12:15:46.661287,2026-07-26 12:22:00.519256,0 days 00:06:13.857969,0.02,30,0.9999999999999999,0.2,0.001,4.0,0.0,,,,COMPLETE
40,0.6301704785798665,2026-07-26 12:22:00.572194,2026-07-26 12:27:25.175297,0 days 00:05:24.603103,0.02,5,0.9999999999999999,0.2,0.001,4.0,0.0,,,,COMPLETE
41,0.7778042265421156,2026-07-26 12:27:25.377462,2026-07-26 12:31:40.305234,0 days 00:04:14.927772,0.02,5,0.05,0.2,0.001,5.0,0.0,800363636d6165732e5f636d610a434d410a7100298171017d71022858060000005f6e5f64696d71034b0558080000005f706f7073697a6571044b0858030000005f6d7571054b0458070000005f6d755f6566667106636e756d70792e636f72652e6d756c746961727261790a7363616c61720a7107636e756d70790a64747970650a7108580200000066387109898887710a52710b284b0358010000003c710c4e4e4e4affffffff4affffffff4b0074710d62430820436f8e2acd0440710e86710f52711058030000005f636371116807680b43084f2d90ce11d0dc3f711286711352711458030000005f633171156807680b430841296f67b236a83f711686711752711858040000005f636d7571196807680b430854afe081e88aa33f711a86711b52711c58080000005f635f7369676d61711d6807680b43084129dea29b5dd73f711e86711f52712058080000005f645f7369676d6171216807680b4308508ab7e866d7f53f712286712352712458030000005f636d71254b0158060000005f6368695f6e71264740010737767cc6e058080000005f776569676874737127636e756d70792e636f72652e6d756c746961727261790a5f7265636f6e7374727563740a7128636e756d70790a6e6461727261790a71294b0085712a430162712b87712c52712d284b014b0885712e680858020000006638712f8988877130527131284b03680c4e4e4e4affffffff4affffffff4b0074713262894340c0fc6f2530f5e03f922449922449d23f912449922449c23f1c7d92cd463fa53fa00c85356a69c5bfa9cba55b603bddbf6af698789f72e6bfa9cba55b603bedbf71337471346258080000005f705f7369676d617135682868294b00857136682b877137527138284b014b05857139680b8943286bfb3598e1479ebf0f53e73678fba4bf1facfc63f458bcbf008b91aa2922c33fb88bfa61ecf63f40713a74713b6258030000005f7063713c682868294b0085713d682b87713e52713f284b014b05857140680b8943280000000000000000000000000000000000000000000000000000000000000000000000000000000071417471426258050000005f6d65616e7143682868294b00857144682b877145527146284b014b058571476831894328f7d2441fbec7df3fe1e7919a7d8dc53f0359db5da7e4903f499fc6fc3889f23fdbb66ddbb66d3a4071487471496258060000005f7369676d61714a6807680b4308bcb8445ccd8ac444714b86714c52714d58020000005f44714e4e58020000005f42714f4e58070000005f626f756e64737150682868294b00857151682b877152527153284b014b054b0286715468318943509a9999999999a93f000000000000f03f7b14ae47e17a943f333333333333d33ffca9f1d24d62503f7b14ae4,7e17a943f9a9999999999c93f333333333333f33f00000000000012400000000000803e4071557471566258110000005f6e5f6d61785f726573616d706c696e6771574b3258020000005f6771584b0558050000005f746f6c7871596807680b43084d48ee10d685ec3c715a86715b52715c58070000005f746f6c787570715d4740c388000000000058070000005f746f6c66756e715e473d719799812dea1158100000005f746f6c636f6e646974696f6e636f76715f4742d6bcc41e900000580d0000005f66756e686973745f7465726d71604b1d580f0000005f66756e686973745f76616c7565737161682868294b00857162682b877163527164284b014b3a85716568318942d001000080177e1a00000000000000000000000066faa1a21d1ee43fdde7919cdee3fe3fd98f57405748e33fc1ef8f040772e43f61bf77c38eace33f1c03278c0f09f53fce668a615904e43f0ab0a39de3d1f43fab0be35ada1ee33f6092d3ade284e53fec48dc1a00000000ceff981b000000003d0000003d00000017000000510000002b0000000100000000000000060000000b0000002d0000003c0000003d0000003d000000000000000000020000000000a812f91a0000000048b8111b00000000000000000000000000000000000000001800000000000000ceff981b000000003d0000003d000000000000000000000000000000000000000100000000000000ff01010001000000089a5cd1ed7f000010511fc4ed7f000050dd4bd1ed7f000000150ec4ed7f000000000000000000000000000000000000c02a991b00000000c02a991b00000000d8a74dd1ed7f000000dc349fed7f0000b0ca95a0ed7f000048c0349fed7f000090c0349fed7f0000a8c0349fed7f0000583be7a0ed7f000070dc349fed7f0000a8dc349fed7f0000b08f349fed7f000010e160d1ed7f0000f080349fed7f0000503660d1ed7f0000708950d1ed7f000030de5cd1ed7f0000f0d563d1ed7f0000f06750d1ed7f000071667471676258050000005f635f31647168682868294b00857169682b87716a52716b284b014b0f85716c680b8943781aae35bba5f8f23f36ad5f9f50cc76bfdd1762899f437b3f1436465f167a7ebfce5656ea420af0bff7af67e52849f33f1847872985dd78bf1e064e86ff4798bf6f161efe2132f6bf59656a137d1cf33f2305b2c4190682bf21b6f630c1060ec0b2fbe9a14397f33fe91d77039545144071f90542e8f09040716d74716e6275622e,,COMPLETE
42,1.310774093058938,2026-07-26 12:31:40.385343,2026-07-26 12:37:27.794997,0 days 00:05:47.409654,0.02,5,0.05,0.2,0.019999999999999997,5.0,0.0,,,,COMPLETE
43,0.6349496142085665,2026-07-26 12:37:28.226461,2026-07-26 12:42:56.872470,0 days 00:05:28.646009,0.29999999999999993,30,0.9999999999999999,1.1999999999999997,0.001,5.0,0.0,,,,COMPLETE
44,0.627331046155648,2026-07-26 12:42:56.920097,2026-07-26 12:47:55.363909,0 days 00:04:58.443812,0.29999999999999993,30,0.05,1.1999999999999997,0.001,5.0,0.0,,,,COMPLETE
45,0.6247619575297647,2026-07-26 12:47:56.043106,2026-07-26 12:53:10.796609,0 days 00:05:14.753503,0.29999999999999993,30,0.05,0.2,0.019999999999999997,5.0,0.0,,,,COMPLETE
46,0.6089172330515116,2026-07-26 12:53:10.943031,2026-07-26 12:57:47.351687,0 days 00:04:36.408656,0.02,30,0.05,1.1999999999999997,0.001,5.0,0.0,,,,COMPLETE
47,1.0776594609546768,2026-07-26 12:57:48.072934,2026-07-26 13:02:40.203616,0 days 00:04:52.130682,0.02,5,0.05,0.2,0.019999999999999997,5.0,0.0,,,,COMPLETE
48,1.3133602176302304,2026-07-26 13:02:41.537431,2026-07-26 13:07:14.177336,0 days 00:04:32.639905,0.02,30,0.9999999999999999,0.2,0.001,5.0,0.0,,,,COMPLETE
49,3.1138776915028896,2026-07-26 13:07:14.351890,2026-07-26 13:10:40.431170,0 days 00:03:26.079280,0.02,30,0.9999999999999999,1.1999999999999997,0.019999999999999997,6.0,0.0,800363636d6165732e5f636d610a434d410a7100298171017d71022858060000005f6e5f64696d71034b0558080000005f706f7073697a6571044b0858030000005f6d7571054b0458070000005f6d755f6566667106636e756d70792e636f72652e6d756c746961727261790a7363616c61720a7107636e756d70790a64747970650a7108580200000066387109898887710a52710b284b0358010000003c710c4e4e4e4affffffff4affffffff4b0074710d62430820436f8e2acd0440710e86710f52711058030000005f636371116807680b43084f2d90ce11d0dc3f711286711352711458030000005f633171156807680b430841296f67b236a83f711686711752711858040000005f636d7571196807680b430854afe081e88aa33f711a86711b52711c58080000005f635f7369676d61711d6807680b43084129dea29b5dd73f711e86711f52712058080000005f645f7369676d6171216807680b4308508ab7e866d7f53f712286712352712458030000005f636d71254b0158060000005f6368695f6e71264740010737767cc6e058080000005f776569676874737127636e756d70792e636f72652e6d756c746961727261790a5f7265636f6e7374727563740a7128636e756d70790a6e6461727261790a71294b0085712a430162712b87712c52712d284b014b0885712e680858020000006638712f8988877130527131284b03680c4e4e4e4affffffff4affffffff4b0074713262894340c0fc6f2530f5e03f922449922449d23f912449922449c23f1c7d92cd463fa53fa00c85356a69c5bfa9cba55b603bddbf6af698789f72e6bfa9cba55b603bedbf71337471346258080000005f705f7369676d617135682868294b00857136682b877137527138284b014b05857139680b89432818fa8b6ec23993bffdcb1f24d1a49abf801f595d86ffb1bf5028970acd4bb83faea8e9e36e4b3440713a74713b6258030000005f7063713c682868294b0085713d682b87713e52713f284b014b05857140680b8943280000000000000000000000000000000000000000000000000000000000000000000000000000000071417471426258050000005f6d65616e7143682868294b00857144682b877145527146284b014b05857147683189432840c8d8d474e4b63f1241caf44468c33fea3ebb80d8547a3f1bd4411dd441ed3f0000000000003e4071487471496258060000005f7369676d61714a6807680b4308c8e36e29722bf944714b86714c52714d58020000005f44714e4e58020000005f42714f4e58070000005f626f756e64737150682868294b00857151682b877152527153284b014b054b0286715468318943509a9999999999a93f000000000000f03f7b14ae47e17a943f333333333333d33ffca9f1d24d62503f7b14ae4,7e17a943f9a9999999999c93f333333333333f33f00000000000012400000000000803e4071557471566258110000005f6e5f6d61785f726573616d706c696e6771574b3258020000005f6771584b0658050000005f746f6c7871596807680b43084d48ee10d685ec3c715a86715b52715c58070000005f746f6c787570715d4740c388000000000058070000005f746f6c66756e715e473d719799812dea1158100000005f746f6c636f6e646974696f6e636f76715f4742d6bcc41e900000580d0000005f66756e686973745f7465726d71604b1d580f0000005f66756e686973745f76616c7565737161682868294b00857162682b877163527164284b014b3a85716568318942d001000080177e1a00000000000000000000000066faa1a21d1ee43fdde7919cdee3fe3fd98f57405748e33fc1ef8f040772e43f61bf77c38eace33f1c03278c0f09f53fce668a615904e43f0ab0a39de3d1f43fab0be35ada1ee33f6092d3ade284e53f6aaa3dfe3f7ce33fb36de9008603f53f3d0000003d00000017000000510000002b0000000100000000000000060000000b0000002d0000003c0000003d0000003d000000000000000000020000000000a812f91a0000000048b8111b00000000000000000000000000000000000000001800000000000000ceff981b000000003d0000003d000000000000000000000000000000000000000100000000000000ff01010001000000089a5cd1ed7f000010511fc4ed7f000050dd4bd1ed7f000000150ec4ed7f000000000000000000000000000000000000c02a991b00000000c02a991b00000000d8a74dd1ed7f000000dc349fed7f0000b0ca95a0ed7f000048c0349fed7f000090c0349fed7f0000a8c0349fed7f0000583be7a0ed7f000070dc349fed7f0000a8dc349fed7f0000b08f349fed7f000010e160d1ed7f0000f080349fed7f0000503660d1ed7f0000708950d1ed7f000030de5cd1ed7f0000f0d563d1ed7f0000f06750d1ed7f000071667471676258050000005f635f31647168682868294b00857169682b87716a52716b284b014b0f85716c680b8943786f997ea9e698f33fe872fbf8e48c77bfb7ea649bed297c3f318d30f0877b7fbf80021535c191f0bf7f17b9ed11ecf33f300ea1cc8faf79bfc21ba81f1b1599bf913091f09fedf6bffd9467c3ecbdf33f16c18ddd599e82bf41d4a08564040fc0b83b306dc03cf43f0f80f64cd2f014402a01dfda02809140716d74716e6275622e,,COMPLETE
