number,value,datetime_start,datetime_complete,duration,params_corner_curvature,params_icp_maximum_iteration,params_livox_min_dis,params_mapping_plane_resolution,params_surface_curvature,system_attrs_fixed_params,state
0,1.1852580089312685,2026-07-26 06:08:26.388745,2026-07-26 06:11:36.177721,0 days 00:03:09.788976,0.1,15,0.1,0.6,0.005,"{'livox_min_dis': 0.1, 'corner_curvature': 0.1, 'surface_curvature': 0.005, 'mapping_plane_resolution': 0.6, 'icp_maximum_iteration': 15}",COMPLETE
1,0.8069421116580408,2026-07-26 06:11:38.100580,2026-07-26 06:13:58.553609,0 days 00:02:20.453029,0.15268975039736027,15,0.22743877948471886,0.7773926165525402,0.004530904870264843,,COMPLETE
2,0.6379502380096895,2026-07-26 06:13:58.602880,2026-07-26 06:16:13.927827,0 days 00:02:15.324947,0.19790839336989408,24,0.2855449064381975,0.5310822995824662,0.014788788117053222,,COMPLETE
3,0.45905660652679403,2026-07-26 06:16:13.983968,2026-07-26 06:19:31.000858,0 days 00:03:17.016890,0.04187851300519923,20,0.8069894052276613,1.182793011787247,0.005321704466481647,,COMPLETE
4,999.0,2026-07-26 06:19:31.102186,2026-07-26 06:23:51.905269,0 days 00:04:20.803083,0.23889320499210115,16,0.4515420711753348,0.4438320787402527,0.01576662024652684,,COMPLETE
5,999.0,2026-07-26 06:23:51.969629,2026-07-26 06:28:13.689377,0 days 00:04:21.719748,0.2729943184759395,14,0.365949754055317,0.47880318999540533,0.006623054541564181,,COMPLETE
6,0.6335733081130197,2026-07-26 06:28:13.736321,2026-07-26 06:31:26.817340,0 days 00:03:13.081019,0.13105625022752215,19,0.5019704106847259,0.9242897599914157,0.003931523801167857,,COMPLETE
7,3.4302512311772846,2026-07-26 06:31:26.890326,2026-07-26 06:34:30.070815,0 days 00:03:03.180489,0.23931906805051542,20,0.41385917032759717,0.7247200419658142,0.008766623768803413,,COMPLETE
8,999.0,2026-07-26 06:34:30.189839,2026-07-26 06:38:32.825024,0 days 00:04:02.635185,0.22074563937835587,10,0.7859280986350943,0.42574968139482666,0.010339522731979387,,COMPLETE
9,0.6388246449585386,2026-07-26 06:38:35.723130,2026-07-26 06:41:38.070580,0 days 00:03:02.347450,0.07328869439474998,25,0.6201679778002903,0.8484598443979399,0.01818944864263567,,COMPLETE
10,1.4220414799012862,2026-07-26 06:41:38.102472,2026-07-26 06:44:49.800095,0 days 00:03:11.697623,0.020942071168570716,30,0.96890139091038,1.1975907301234685,0.0024088569358446887,,COMPLETE
11,1.970470670655574,2026-07-26 06:44:49.935102,2026-07-26 06:49:28.229294,0 days 00:04:38.294192,0.11992239056171478,5,0.6265646947020294,1.1370013126566072,0.0013283716402116928,,COMPLETE
12,0.6363113953927211,2026-07-26 06:49:28.317726,2026-07-26 06:52:37.922688,0 days 00:03:09.604962,0.02585585680761071,24,0.8179394931118263,0.96918887928486,0.007569984331396894,,COMPLETE
13,0.6455034838747324,2026-07-26 06:52:37.971237,2026-07-26 06:54:52.775156,0 days 00:02:14.803919,0.06443956993274273,20,0.5952627327923061,1.0100587851395981,0.0038610524936781732,,COMPLETE
14,0.6267724213079084,2026-07-26 06:54:52.804541,2026-07-26 06:58:23.995741,0 days 00:03:31.191200,0.16082691761629728,20,0.7667655332844349,1.00531632010005,0.011193640118987092,,COMPLETE
15,0.6389491607812194,2026-07-26 06:58:24.059809,2026-07-26 07:00:57.640788,0 days 00:02:33.580979,0.18238464516702738,29,0.8039374770127297,0.22989400344678074,0.012444140050362408,,COMPLETE
16,0.6308883666202425,2026-07-26 07:00:57.698938,2026-07-26 07:03:34.444468,0 days 00:02:36.745530,0.16746350347466046,12,0.9727676281447069,1.0825739393207874,0.011914669636315833,,COMPLETE
17,0.6361556685184276,2026-07-26 07:03:34.532188,2026-07-26 07:06:20.110277,0 days 00:02:45.578089,0.0738999905055304,22,0.7254562440206764,1.0734345805202279,0.009583779718319712,,COMPLETE
18,2.488313871324888,2026-07-26 07:06:20.650113,2026-07-26 07:10:35.393808,0 days 00:04:14.743695,0.13245511445359304,26,0.8879396756653417,0.8587772771474027,0.01988759583612829,,COMPLETE
19,0.6734187188647418,2026-07-26 07:10:35.443688,2026-07-26 07:15:09.863723,0 days 00:04:34.420035,0.10273724236499489,18,0.70286258785594,1.1911570695853404,0.011963101627308076,,COMPLETE
20,0.6264836863960059,2026-07-26 07:15:09.909923,2026-07-26 07:19:09.755822,0 days 00:03:59.845899,0.20582493029809332,9,0.859497907369466,1.0248096327231202,0.00664976323401917,,COMPLETE
21,0.6412089146233918,2026-07-26 07:19:10.234877,2026-07-26 07:24:35.814559,0 days 00:05:25.579682,0.2049774369577659,8,0.8796674268680906,1.0405657759816822,0.006628470692329615,,COMPLETE
22,1.638357477881945,2026-07-26 07:24:35.868339,2026-07-26 07:29:09.425131,0 days 00:04:33.556792,0.15266828536342245,22,0.7006534765730144,0.952672810070089,0.00834821618369981,,COMPLETE
23,0.6242393283795539,2026-07-26 07:29:10.271006,2026-07-26 07:33:01.015620,0 days 00:03:50.744614,0.28616952059589207,5,0.8901924002084289,1.1172766650362354,0.005708342462077792,,COMPLETE
24,0.6317132274857699,2026-07-26 07:33:01.579911,2026-07-26 07:37:47.079851,0 days 00:04:45.499940,0.2966558027657499,6,0.9052809683250546,1.1434266729981035,0.005739888741315079,,COMPLETE
25,0.6311193062542646,2026-07-26 07:37:47.282973,2026-07-26 07:42:04.569846,0 days 00:04:17.286873,0.2641774030236244,8,0.8979930309011166,1.121769322659892,0.002569379895903799,,COMPLETE
26,2.6592118175040147,2026-07-26 07:42:04.839295,2026-07-26 07:44:35.800465,0 days 00:02:30.961170,0.27038028347041687,10,0.9925097947301986,0.8727332686886443,0.006735040756104036,,COMPLETE
27,999.0,2026-07-26 07:44:35.935279,2026-07-26 07:50:05.375106,0 days 00:05:29.439827,0.29731113555875743,6,0.848608261964245,1.067091972243189,0.0032564658105780557,,COMPLETE
28,0.7927823471086787,2026-07-26 07:50:05.577701,2026-07-26 07:54:47.586181,0 days 00:04:42.008480,0.24094472396352684,12,0.552872051025388,1.1993089447266891,0.0011668871361167378,,COMPLETE
29,0.9795542980671529,2026-07-26 07:54:48.186964,2026-07-26 07:58:40.414267,0 days 00:03:52.227303,0.2145475296757631,9,0.07391107705384459,0.6701414216597629,0.005654573099132315,,COMPLETE
30,0.6424616778199191,2026-07-26 07:58:40.486619,2026-07-26 08:02:09.597747,0 days 00:03:29.111128,0.05414467796434541,12,0.6675444565556462,0.7922636285643925,0.0054456352688678445,,COMPLETE
31,0.6386993008279588,2026-07-26 08:02:09.655904,2026-07-26 08:07:14.888217,0 days 00:05:05.232313,0.19084022980066195,22,0.7744860229292827,0.9908939754678912,0.010689000017154063,,COMPLETE
32,0.6321656695767827,2026-07-26 08:07:15.078393,2026-07-26 08:12:25.964579,0 days 00:05:10.886186,0.16386774607028481,17,0.750734896682553,1.1098493181188738,0.007774759416105064,,COMPLETE
33,1.7976801004157108,2026-07-26 08:12:26.638921,2026-07-26 08:17:29.831488,0 days 00:05:03.192567,0.17724552091340828,5,0.951338764842222,0.9258830150544748,0.013796003572468156,,COMPLETE
34,0.6143342127436677,2026-07-26 08:17:29.921743,2026-07-26 08:22:19.565031,0 days 00:04:49.643288,0.09894324916722524,14,0.8375992333359117,1.0356024590531374,0.004815914529141644,,COMPLETE
35,0.6705379059163947,2026-07-26 08:22:20.476371,2026-07-26 08:26:42.393518,0 days 00:04:21.917147,0.045959339172190694,14,0.18839664654875515,0.6236993426597035,0.005204948513285947,,COMPLETE
36,0.6626275586263424,2026-07-26 08:26:42.452604,2026-07-26 08:31:50.372615,0 days 00:05:07.920011,0.09235024251608188,16,0.8499786218056051,1.037426468061667,0.003945689755203793,,COMPLETE
37,0.6418029797672731,2026-07-26 08:31:50.664486,2026-07-26 08:36:56.712415,0 days 00:05:06.047929,0.0939225844327913,14,0.9405986802857511,1.1552673674750555,0.004630917746987832,,COMPLETE
38,0.6274425015338291,2026-07-26 08:36:56.927941,2026-07-26 08:41:18.864432,0 days 00:04:21.936491,0.03687572323317878,7,0.838738190637662,0.7892643128507785,0.0069366554035534544,,COMPLETE
39,0.708048037686376,2026-07-26 08:41:19.801404,2026-07-26 08:45:20.154603,0 days 00:04:00.353199,0.11351018136582619,11,0.9219972168936107,0.8876700965147526,0.009208082148180913,,COMPLETE
40,6.01014599624162,2026-07-26 08:45:20.266464,2026-07-26 08:49:32.566997,0 days 00:04:12.300533,0.227447863807346,15,0.2863669184566542,1.0906163034826535,0.0027323546156617705,,COMPLETE
41,0.6252282317881399,2026-07-26 08:49:32.631064,2026-07-26 08:53:17.102297,0 days 00:03:44.471233,0.1484062564783723,19,0.7618830324584202,1.0072562515591559,0.014842709431963917,,COMPLETE
42,0.622239144198384,2026-07-26 08:53:17.148627,2026-07-26 08:57:40.257805,0 days 00:04:23.109178,0.14183143771256018,18,0.6628524534053709,1.0407322200645277,0.016392195327645527,,COMPLETE
43,0.6241960002035425,2026-07-26 08:57:40.323356,2026-07-26 09:02:13.954522,0 days 00:04:33.631166,0.14709869161463549,18,0.6698313654639094,0.9238760326214448,0.017011942391787938,,COMPLETE
44,0.6396042700457586,2026-07-26 09:02:14.119617,2026-07-26 09:04:57.989167,0 days 00:02:43.869550,0.13524280662405863,17,0.484010713110431,0.9318594296936629,0.01828930400865499,,COMPLETE
45,1.1634542192635657,2026-07-26 09:04:58.049133,2026-07-26 09:07:27.021996,0 days 00:02:28.972863,0.08146639121250634,18,0.6439587353932243,0.8248003164967534,0.01761862076727625,,COMPLETE
46,2.1982450030194216,2026-07-26 09:07:27.108445,2026-07-26 09:10:03.812066,0 days 00:02:36.703621,0.11696820203869623,20,0.5668723458375096,1.1582669632655425,0.016485802415517465,,COMPLETE
47,0.5974184840147879,2026-07-26 09:10:03.892682,2026-07-26 09:13:11.513628,0 days 00:03:07.620946,0.13925550406586773,21,0.6786424437906358,0.9719470868763008,0.016360314150293615,,COMPLETE
48,0.6214788733684256,2026-07-26 09:13:11.767424,2026-07-26 09:16:46.057713,0 days 00:03:34.290289,0.14251512677525746,21,0.6871325464457634,0.7379514403768963,0.016607729685139856,,COMPLETE
49,0.6139111869211634,2026-07-26 09:16:46.270701,2026-07-26 09:20:05.870645,0 days 00:03:19.599944,0.14060195299642542,23,0.5897474991304168,0.37080511469324895,0.015262599773148032,,COMPLETE
