number,value,datetime_start,datetime_complete,duration,params_edgeThreshold,params_groundScanInd,params_nearestFeatureSearchSqDist,params_surfThreshold,system_attrs_cma:generation,system_attrs_cma:n_restarts,system_attrs_cma:optimizer:0,system_attrs_cma:optimizer:1,system_attrs_fixed_params,state
0,0.08278448850836864,2026-07-14 11:06:34.742930,2026-07-14 11:08:52.107827,0 days 00:02:17.364897,0.1,7,25,0.1,,,,,"{'groundScanInd': 7, 'edgeThreshold': 0.1, 'surfThreshold': 0.1, 'nearestFeatureSearchSqDist': 25}",COMPLETE
1,0.08685166921078809,2026-07-14 11:08:52.108367,2026-07-14 11:11:18.508220,0 days 00:02:26.399853,0.21900733978105424,7,28,0.12785849024140936,0.0,0.0,,,,COMPLETE
2,0.07790025068420593,2026-07-14 11:11:18.509908,2026-07-14 11:13:34.391091,0 days 00:02:15.881183,0.09062531208797896,8,28,0.12684332762290365,0.0,0.0,,,,COMPLETE
3,0.15981231724006417,2026-07-14 11:13:34.391578,2026-07-14 11:15:55.190638,0 days 00:02:20.799060,0.22789303924041426,8,27,0.11379747288303674,0.0,0.0,,,,COMPLETE
4,0.08811261586170913,2026-07-14 11:15:55.191174,2026-07-14 11:18:09.311656,0 days 00:02:14.120482,0.13835288895250505,8,27,0.168500201593746,0.0,0.0,,,,COMPLETE
5,0.08501532095156328,2026-07-14 11:18:09.312496,2026-07-14 11:20:25.130505,0 days 00:02:15.818009,0.1994554242938222,7,28,0.1633015558446154,0.0,0.0,,,,COMPLETE
6,0.1783324262973424,2026-07-14 11:20:25.131154,2026-07-14 11:22:40.766795,0 days 00:02:15.635641,0.10355078711902102,8,28,0.10229704054803503,0.0,0.0,,,,COMPLETE
7,0.3332566375693167,2026-07-14 11:22:40.767411,2026-07-14 11:24:57.090391,0 days 00:02:16.322980,0.22033559519575338,8,28,0.24439789268453832,0.0,0.0,,,,COMPLETE
8,0.08433507371513212,2026-07-14 11:24:57.091056,2026-07-14 11:27:09.876909,0 days 00:02:12.785853,0.14973237981553994,8,27,0.1458802716207149,0.0,0.0,,,,COMPLETE
9,0.0848835732131145,2026-07-14 11:27:09.877522,2026-07-14 11:29:33.526043,0 days 00:02:23.648521,0.2136603881341484,8,27,0.2839138167965304,1.0,0.0,800363636d6165732e5f636d610a434d410a7100298171017d71022858060000005f6e5f64696d71034b0458080000005f706f7073697a6571044b0858030000005f6d7571054b0458070000005f6d755f6566667106636e756d70792e636f72652e6d756c746961727261790a7363616c61720a7107636e756d70790a64747970650a7108580200000066387109898887710a52710b284b0358010000003c710c4e4e4e4affffffff4affffffff4b0074710d62430820436f8e2acd0440710e86710f52711058030000005f636371116807680b4308000000000000e03f711286711352711458030000005f633171156807680b430862115f01d0aeb03f711686711752711858040000005f636d7571196807680b430815282f55d11faa3f711a86711b52711c58080000005f635f7369676d61711d6807680b430830ce38804161d93f711e86711f52712058080000005f645f7369676d6171216807680b43088c330e605058f63f712286712352712458030000005f636d71254b0158060000005f6368695f6e7126473ffe18618618618658080000005f776569676874737127636e756d70792e636f72652e6d756c746961727261790a5f7265636f6e7374727563740a7128636e756d70790a6e6461727261790a71294b0085712a430162712b87712c52712d284b014b0885712e680b894340c0fc6f2530f5e03f922449922449d23f912449922449c23f1c7d92cd463fa53fcb8b860adec6c5bf6f2cafd2f5baddbfd4e62ed098d4e6bf6f2cafd2f5baedbf712f7471306258080000005f705f7369676d617131682868294b00857132682b877133527134284b014b04857135680b894320831d38b8e96421403a476a836ddfebbff9f4de003acfe3bf26f39de5039e174071367471376258030000005f70637138682868294b00857139682b87713a52713b284b014b0485713c680b8943200000000000000000000000000000000000000000000000000000000000000000713d74713e6258050000005f6d65616e713f682868294b00857140682b877141527142284b014b04857143680b894320e191d24d38431f401224125c036fc03feb28b096ad9ac13f6edbb66ddbb63b4071447471456258050000005f635f31647146682868294b00857147682b877148527149284b014b0a85714a680b89435036ba359aaeb51a402fb229a3b130e2bf9b8e215e1088cfbf21e9c3c5f300d03f3cf7f3c419d6f13f4ddb88062c849a3fad9618e01d24d3bfd61960bf6cf9f03f6f23aa7cb70cc7bf36ba359aaeb51a40714b74714c6258060000005f7369676d61714d6807680b43086219d19cd829c63f714e86714f52715058020000005f4471514e58020000005f4271524e58070000005f626f756e64737153682868294b00857154682b877,155527156284b014b044b02867157680b894340000000000000044000000000000029407b14ae47e17a943f333333333333d33f7b14ae47e17a943f333333333333d33f0000000000001240000000000040494071587471596258110000005f6e5f6d61785f726573616d706c696e67715a4b2858020000005f67715b4b0158050000005f746f6c78715c6807680b4308895d111d60452a3d715d86715e52715f58070000005f746f6c78757071604740c388000000000058070000005f746f6c66756e7161473d719799812dea1158100000005f746f6c636f6e646974696f6e636f7671624742d6bcc41e900000580d0000005f66756e686973745f7465726d71634b19580f0000005f66756e686973745f76616c7565737164682868294b00857165682b877166527167284b014b32857168680b89429001000060fc530600000000000000000000000021f3095545f1b33fbd3fe2a51354d53f6400850264006602190013007d0274046a057c006a067c028302530029024e72010000002907da046e64696d722d000000723900000072410000007215000000da03646f74723a0000002903721f000000722d000000da0178722400000072240000007225000000da0a5f63616c6c5f696d706cb6000000730800000000010a01180222027a1b4c736f646144656e73654f75747075742e5f63616c6c5f696d706c2906723c000000723d000000723e000000721300000072450000007240000000722400000072240000002901722300000072250000007237000000af000000730400000008010c067237000000290d5a056e756d707972150000005a0f73636970792e696e746567726174657202000000da06636f6d6d6f6e720400000072050000007206000000da046261736572070000007208000000720900000072370000007224000000722400000072240000007225000000da083c6d6f64756c653e01000000730c00000008010c0114716974716a6275622e,,COMPLETE
10,0.0775323360891313,2026-07-14 11:29:33.527024,2026-07-14 11:32:05.384588,0 days 00:02:31.857564,0.16292270613058726,7,28,0.06692295636221961,1.0,0.0,,,,COMPLETE
11,0.08599422895181345,2026-07-14 11:32:05.572483,2026-07-14 11:34:20.470894,0 days 00:02:14.898411,0.2544468337031569,7,28,0.2609067241913424,1.0,0.0,,,,COMPLETE
12,0.08752654895664455,2026-07-14 11:34:20.471900,2026-07-14 11:36:48.150052,0 days 00:02:27.678152,0.10113080654479575,7,27,0.023402640435185765,1.0,0.0,,,,COMPLETE
13,0.08815348741306206,2026-07-14 11:36:48.151089,2026-07-14 11:39:02.615795,0 days 00:02:14.464706,0.12430333429063854,7,28,0.23787852916044644,1.0,0.0,,,,COMPLETE
14,0.08895571233142391,2026-07-14 11:39:02.616319,2026-07-14 11:41:22.867545,0 days 00:02:20.251226,0.1487850472786383,8,28,0.15610769970440136,1.0,0.0,,,,COMPLETE
15,0.08479534090690843,2026-07-14 11:41:22.930267,2026-07-14 11:43:49.843979,0 days 00:02:26.913712,0.11003456220589891,8,28,0.2536563207293125,1.0,0.0,,,,COMPLETE
16,0.1675064396231376,2026-07-14 11:43:49.846297,2026-07-14 11:46:26.881895,0 days 00:02:37.035598,0.2960378115346516,7,28,0.1650659119656072,1.0,0.0,,,,COMPLETE
17,0.08616766767504365,2026-07-14 11:46:26.882797,2026-07-14 11:48:41.915901,0 days 00:02:15.033104,0.1324114656971485,7,28,0.22489344227284752,2.0,0.0,800363636d6165732e5f636d610a434d410a7100298171017d71022858060000005f6e5f64696d71034b0458080000005f706f7073697a6571044b0858030000005f6d7571054b0458070000005f6d755f6566667106636e756d70792e636f72652e6d756c746961727261790a7363616c61720a7107636e756d70790a64747970650a7108580200000066387109898887710a52710b284b0358010000003c710c4e4e4e4affffffff4affffffff4b0074710d62430820436f8e2acd0440710e86710f52711058030000005f636371116807680b4308000000000000e03f711286711352711458030000005f633171156807680b430862115f01d0aeb03f711686711752711858040000005f636d7571196807680b430815282f55d11faa3f711a86711b52711c58080000005f635f7369676d61711d6807680b430830ce38804161d93f711e86711f52712058080000005f645f7369676d6171216807680b43088c330e605058f63f712286712352712458030000005f636d71254b0158060000005f6368695f6e7126473ffe18618618618658080000005f776569676874737127636e756d70792e636f72652e6d756c746961727261790a5f7265636f6e7374727563740a7128636e756d70790a6e6461727261790a71294b0085712a430162712b87712c52712d284b014b0885712e680858020000006638712f8988877130527131284b03680c4e4e4e4affffffff4affffffff4b0074713262894340c0fc6f2530f5e03f922449922449d23f912449922449c23f1c7d92cd463fa53fcb8b860adec6c5bf6f2cafd2f5baddbfd4e62ed098d4e6bf6f2cafd2f5baedbf71337471346258080000005f705f7369676d617135682868294b00857136682b877137527138284b014b04857139680b89432006551c748d8810407ba2317c8b4cdcbf7821167f0f36d1bf8c8672f9cbfb0f40713a74713b6258030000005f7063713c682868294b0085713d682b87713e52713f284b014b04857140680b894320000000000000000000000000000000000000000000000000000000000000000071417471426258050000005f6d65616e7143682868294b00857144682b877145527146284b014b0485714768318943206edbb66ddbb61d405e2c5fc37655c43f1162ac08bb64c43fb76ddbb66ddb3b4071487471496258060000005f7369676d61714a6807680b43087306f5dfdbf1d33f714b86714c52714d58020000005f44714e4e58020000005f42714f4e58070000005f626f756e64737150682868294b00857151682b877152527153284b014b044b028671546831894340000000000000044000000000000029407b14ae47e17a943f333333333333d33f7b14ae47e17a943f333333333333d33f000000000000124000000000004049407155747,1566258110000005f6e5f6d61785f726573616d706c696e6771574b2858020000005f6771584b0258050000005f746f6c7871596807680b4308895d111d60452a3d715a86715b52715c58070000005f746f6c787570715d4740c388000000000058070000005f746f6c66756e715e473d719799812dea1158100000005f746f6c636f6e646974696f6e636f76715f4742d6bcc41e900000580d0000005f66756e686973745f7465726d71604b19580f0000005f66756e686973745f76616c7565737161682868294b00857162682b877163527164284b014b32857165683189429001000060fc530600000000000000000000000021f3095545f1b33fbd3fe2a51354d53ffda2e2bf28d9b33fc87f06dcd970c53f6a057c006a067c028302530029024e72010000002907da046e64696d722d000000723900000072410000007215000000da03646f74723a0000002903721f000000722d000000da0178722400000072240000007225000000da0a5f63616c6c5f696d706cb6000000730800000000010a01180222027a1b4c736f646144656e73654f75747075742e5f63616c6c5f696d706c2906723c000000723d000000723e000000721300000072450000007240000000722400000072240000002901722300000072250000007237000000af000000730400000008010c067237000000290d5a056e756d707972150000005a0f73636970792e696e746567726174657202000000da06636f6d6d6f6e720400000072050000007206000000da046261736572070000007208000000720900000072370000007224000000722400000072240000007225000000da083c6d6f64756c653e01000000730c00000008010c011471667471676258050000005f635f31647168682868294b00857169682b87716a52716b284b014b0a85716c680b894350876b9a2b963d17406f8840524124ddbfafd8c1134403c2bf72dfceb31f58b33f092194e2800cf23fc181204d8899923f1c7d4f81bceddbbf68506ba472ddf13f9bf1eebc7e31d3bfadf6752cf7851940716d74716e6275622e,,COMPLETE
18,0.08833727981298452,2026-07-14 11:48:41.916913,2026-07-14 11:50:55.754068,0 days 00:02:13.837155,0.12931250563767366,7,28,0.15491121035914635,2.0,0.0,,,,COMPLETE
19,0.08482092117349356,2026-07-14 11:50:55.755035,2026-07-14 11:53:13.749782,0 days 00:02:17.994747,0.08168049836055982,8,26,0.07608560225954628,2.0,0.0,,,,COMPLETE
20,0.08431131804013786,2026-07-14 11:53:13.879605,2026-07-14 11:55:30.620829,0 days 00:02:16.741224,0.17545863047596275,7,27,0.06090355349305682,2.0,0.0,,,,COMPLETE
21,0.08523561809134621,2026-07-14 11:55:30.621529,2026-07-14 11:57:44.426240,0 days 00:02:13.804711,0.07230346267755614,9,28,0.1391484441088345,2.0,0.0,,,,COMPLETE
22,0.08508652547126021,2026-07-14 11:57:44.471574,2026-07-14 11:59:57.571701,0 days 00:02:13.100127,0.06540308445911927,7,28,0.2708177988096667,2.0,0.0,,,,COMPLETE
23,0.2407297989253796,2026-07-14 11:59:57.572662,2026-07-14 12:02:11.119661,0 days 00:02:13.546999,0.2563638271983612,9,28,0.03528265438064332,2.0,0.0,,,,COMPLETE
24,0.08000606689666422,2026-07-14 12:02:11.124092,2026-07-14 12:04:33.360354,0 days 00:02:22.236262,0.05199579923303799,7,27,0.13019328360651,2.0,0.0,,,,COMPLETE
25,0.08869478928440383,2026-07-14 12:04:33.421894,2026-07-14 12:06:46.596453,0 days 00:02:13.174559,0.032309994543027194,7,27,0.06738688828954595,3.0,0.0,800363636d6165732e5f636d610a434d410a7100298171017d71022858060000005f6e5f64696d71034b0458080000005f706f7073697a6571044b0858030000005f6d7571054b0458070000005f6d755f6566667106636e756d70792e636f72652e6d756c746961727261790a7363616c61720a7107636e756d70790a64747970650a7108580200000066387109898887710a52710b284b0358010000003c710c4e4e4e4affffffff4affffffff4b0074710d62430820436f8e2acd0440710e86710f52711058030000005f636371116807680b4308000000000000e03f711286711352711458030000005f633171156807680b430862115f01d0aeb03f711686711752711858040000005f636d7571196807680b430815282f55d11faa3f711a86711b52711c58080000005f635f7369676d61711d6807680b430830ce38804161d93f711e86711f52712058080000005f645f7369676d6171216807680b43088c330e605058f63f712286712352712458030000005f636d71254b0158060000005f6368695f6e7126473ffe18618618618658080000005f776569676874737127636e756d70792e636f72652e6d756c746961727261790a5f7265636f6e7374727563740a7128636e756d70790a6e6461727261790a71294b0085712a430162712b87712c52712d284b014b0885712e680858020000006638712f8988877130527131284b03680c4e4e4e4affffffff4affffffff4b0074713262894340c0fc6f2530f5e03f922449922449d23f912449922449c23f1c7d92cd463fa53fcb8b860adec6c5bf6f2cafd2f5baddbfd4e62ed098d4e6bf6f2cafd2f5baedbf71337471346258080000005f705f7369676d617135682868294b00857136682b877137527138284b014b04857139680b8943200039f4fa21a6ff3fba714b7f6efde8bf9b92c806a642e0bfb81fa5cf1dede93f713a74713b6258030000005f7063713c682868294b0085713d682b87713e52713f284b014b04857140680b894320291603ed267cf4bf0f4efda79c27d3bf61302d2a7c26cdbf88ba4351362e11c071417471426258050000005f6d65616e7143682868294b00857144682b877145527146284b014b0485714768318943202549922449921c409b6099d0c391b73f64a6ce82cdc6bb3ff536425a0de63a4071487471496258060000005f7369676d61714a6807680b4308804e49657459d53f714b86714c52714d58020000005f44714e4e58020000005f42714f4e58070000005f626f756e64737150682868294b00857151682b877152527153284b014b044b028671546831894340000000000000044000000000000029407b14ae47e17a943f333333333333d33f7b14ae47e17a943f333333333333d33f000000000000124000000000004049407155747,1566258110000005f6e5f6d61785f726573616d706c696e6771574b2858020000005f6771584b0358050000005f746f6c7871596807680b4308895d111d60452a3d715a86715b52715c58070000005f746f6c787570715d4740c388000000000058070000005f746f6c66756e715e473d719799812dea1158100000005f746f6c636f6e646974696f6e636f76715f4742d6bcc41e900000580d0000005f66756e686973745f7465726d71604b19580f0000005f66756e686973745f76616c7565737161682868294b00857162682b877163527164284b014b32857165683189429001000060fc530600000000000000000000000021f3095545f1b33fbd3fe2a51354d53ffda2e2bf28d9b33fc87f06dcd970c53fbf81cd10477bb43f1051c7ea3bd0ce3f010000002907da046e64696d722d000000723900000072410000007215000000da03646f74723a0000002903721f000000722d000000da0178722400000072240000007225000000da0a5f63616c6c5f696d706cb6000000730800000000010a01180222027a1b4c736f646144656e73654f75747075742e5f63616c6c5f696d706c2906723c000000723d000000723e000000721300000072450000007240000000722400000072240000002901722300000072250000007237000000af000000730400000008010c067237000000290d5a056e756d707972150000005a0f73636970792e696e746567726174657202000000da06636f6d6d6f6e720400000072050000007206000000da046261736572070000007208000000720900000072370000007224000000722400000072240000007225000000da083c6d6f64756c653e01000000730c00000008010c011471667471676258050000005f635f31647168682868294b00857169682b87716a52716b284b014b0a85716c680b894350cd8d49f266c10d405e429b7bac74e1bf784e6c03d91b953f641825da8505e93f454de7a8fe0df23faed6cece6230a03fef7bd0802916d3bf24cbe0895db3f13ff289466b78bccbbfe9528e8b030b2040716d74716e6275622e,,COMPLETE
26,0.0908399255778968,2026-07-14 12:06:46.597322,2026-07-14 12:08:59.999113,0 days 00:02:13.401791,0.17308553423249268,7,27,0.1931169210011068,3.0,0.0,,,,COMPLETE
27,0.08593603104353,2026-07-14 12:08:59.999627,2026-07-14 12:11:21.445812,0 days 00:02:21.446185,0.05234209985636092,9,30,0.12083456431658474,3.0,0.0,,,,COMPLETE
28,0.0841635011536049,2026-07-14 12:11:21.446311,2026-07-14 12:13:57.892265,0 days 00:02:36.445954,0.17755459796076634,8,27,0.17068555380577968,3.0,0.0,,,,COMPLETE
29,0.09407215575861906,2026-07-14 12:13:57.892765,2026-07-14 12:16:10.269628,0 days 00:02:12.376863,0.2728080761592992,6,26,0.2771168796486909,3.0,0.0,,,,COMPLETE
30,0.08688079516795262,2026-07-14 12:16:10.270164,2026-07-14 12:18:25.892992,0 days 00:02:15.622828,0.2718952594153668,7,27,0.02399963035818145,3.0,0.0,,,,COMPLETE
31,0.08719154718948802,2026-07-14 12:18:25.893523,2026-07-14 12:20:41.049664,0 days 00:02:15.156141,0.14888646656810237,7,26,0.2582793672112038,3.0,0.0,,,,COMPLETE
32,0.08885809567235681,2026-07-14 12:20:41.050179,2026-07-14 12:22:53.324967,0 days 00:02:12.274788,0.10369512800671535,7,26,0.25950310651325853,3.0,0.0,,,,COMPLETE
33,0.08822243140680382,2026-07-14 12:22:53.325479,2026-07-14 12:25:04.584021,0 days 00:02:11.258542,0.19927192807902203,7,26,0.2008758591875652,4.0,0.0,800363636d6165732e5f636d610a434d410a7100298171017d71022858060000005f6e5f64696d71034b0458080000005f706f7073697a6571044b0858030000005f6d7571054b0458070000005f6d755f6566667106636e756d70792e636f72652e6d756c746961727261790a7363616c61720a7107636e756d70790a64747970650a7108580200000066387109898887710a52710b284b0358010000003c710c4e4e4e4affffffff4affffffff4b0074710d62430820436f8e2acd0440710e86710f52711058030000005f636371116807680b4308000000000000e03f711286711352711458030000005f633171156807680b430862115f01d0aeb03f711686711752711858040000005f636d7571196807680b430815282f55d11faa3f711a86711b52711c58080000005f635f7369676d61711d6807680b430830ce38804161d93f711e86711f52712058080000005f645f7369676d6171216807680b43088c330e605058f63f712286712352712458030000005f636d71254b0158060000005f6368695f6e7126473ffe18618618618658080000005f776569676874737127636e756d70792e636f72652e6d756c746961727261790a5f7265636f6e7374727563740a7128636e756d70790a6e6461727261790a71294b0085712a430162712b87712c52712d284b014b0885712e680858020000006638712f8988877130527131284b03680c4e4e4e4affffffff4affffffff4b0074713262894340c0fc6f2530f5e03f922449922449d23f912449922449c23f1c7d92cd463fa53fcb8b860adec6c5bf6f2cafd2f5baddbfd4e62ed098d4e6bf6f2cafd2f5baedbf71337471346258080000005f705f7369676d617135682868294b00857136682b877137527138284b014b04857139680b8943203e8b53bb11ae08406232c781a972c43f3b6f8125d287c4bf5397f7633f63fa3f713a74713b6258030000005f7063713c682868294b0085713d682b87713e52713f284b014b04857140680b894320291603ed267ce4bf0f4efda79c27c3bf61302d2a7c26bdbf88ba4351362e01c071417471426258050000005f6d65616e7143682868294b00857144682b877145527146284b014b04857147683189432015927b4be5332040a45e4af778b8c33f48f0f24dc2cec13f78a47413ced03b4071487471496258060000005f7369676d61714a6807680b4308d1bf03aa7d48db3f714b86714c52714d58020000005f44714e4e58020000005f42714f4e58070000005f626f756e64737150682868294b00857151682b877152527153284b014b044b028671546831894340000000000000044000000000000029407b14ae47e17a943f333333333333d33f7b14ae47e17a943f333333333333d33f000000000000124000000000004049407155747,1566258110000005f6e5f6d61785f726573616d706c696e6771574b2858020000005f6771584b0458050000005f746f6c7871596807680b4308895d111d60452a3d715a86715b52715c58070000005f746f6c787570715d4740c388000000000058070000005f746f6c66756e715e473d719799812dea1158100000005f746f6c636f6e646974696f6e636f76715f4742d6bcc41e900000580d0000005f66756e686973745f7465726d71604b19580f0000005f66756e686973745f76616c7565737161682868294b00857162682b877163527164284b014b32857165683189429001000060fc530600000000000000000000000021f3095545f1b33fbd3fe2a51354d53ffda2e2bf28d9b33fc87f06dcd970c53fbf81cd10477bb43f1051c7ea3bd0ce3f35baf83cbd8bb53f818e72e01c15b83f00723900000072410000007215000000da03646f74723a0000002903721f000000722d000000da0178722400000072240000007225000000da0a5f63616c6c5f696d706cb6000000730800000000010a01180222027a1b4c736f646144656e73654f75747075742e5f63616c6c5f696d706c2906723c000000723d000000723e000000721300000072450000007240000000722400000072240000002901722300000072250000007237000000af000000730400000008010c067237000000290d5a056e756d707972150000005a0f73636970792e696e746567726174657202000000da06636f6d6d6f6e720400000072050000007206000000da046261736572070000007208000000720900000072370000007224000000722400000072240000007225000000da083c6d6f64756c653e01000000730c00000008010c011471667471676258050000005f635f31647168682868294b00857169682b87716a52716b284b014b0a85716c680b8943506556807dd40b0e40a8696df90856d9bf5cb2147d7a08cd3f66b768c58471f43f33b3103a06d4f13ff373b68d0f9aa4bf4b464a65f4a5d1bfc8fe7cf8c224f13f5998780af0c7b6bf543e0e1e13c12140716d74716e6275622e,,COMPLETE
34,0.08670750327908001,2026-07-14 12:25:04.584532,2026-07-14 12:27:18.818217,0 days 00:02:14.233685,0.02102540074850545,9,30,0.22822641269476118,4.0,0.0,,,,COMPLETE
35,0.09685590443276403,2026-07-14 12:27:18.818724,2026-07-14 12:29:33.742045,0 days 00:02:14.923321,0.21095073826013444,8,27,0.24895227016106392,4.0,0.0,,,,COMPLETE
36,0.08836431713439034,2026-07-14 12:29:33.742559,2026-07-14 12:31:45.280710,0 days 00:02:11.538151,0.061593529601820074,8,29,0.12998741673241646,4.0,0.0,,,,COMPLETE
37,0.07701061658199225,2026-07-14 12:31:45.281521,2026-07-14 12:33:52.953771,0 days 00:02:07.672250,0.08636341534147725,8,28,0.1416800088955237,4.0,0.0,,,,COMPLETE
38,0.08580506382473974,2026-07-14 12:33:52.954709,2026-07-14 12:36:07.010282,0 days 00:02:14.055573,0.2590800611272709,8,28,0.20019337475556112,4.0,0.0,,,,COMPLETE
39,0.0867562805839879,2026-07-14 12:36:07.010819,2026-07-14 12:38:29.560537,0 days 00:02:22.549718,0.09447460821726514,7,27,0.15631809474967345,4.0,0.0,,,,COMPLETE
40,0.0836778971037993,2026-07-14 12:38:29.561048,2026-07-14 12:40:48.155316,0 days 00:02:18.594268,0.07362614029264053,9,27,0.031877986097014324,4.0,0.0,,,,COMPLETE
