number,value,datetime_start,datetime_complete,duration,params_edgeThreshold,params_groundScanInd,params_nearestFeatureSearchSqDist,params_surfThreshold,system_attrs_cma:generation,system_attrs_cma:n_restarts,system_attrs_cma:optimizer:0,system_attrs_cma:optimizer:1,system_attrs_fixed_params,state
41,0.07598944293290891,2026-07-14 12:40:48.156424,2026-07-14 12:42:59.342486,0 days 00:02:11.186062,0.29517406522774003,8,29,0.02411107597746351,5.0,0.0,800363636d6165732e5f636d610a434d410a7100298171017d71022858060000005f6e5f64696d71034b0458080000005f706f7073697a6571044b0858030000005f6d7571054b0458070000005f6d755f6566667106636e756d70792e636f72652e6d756c746961727261790a7363616c61720a7107636e756d70790a64747970650a7108580200000066387109898887710a52710b284b0358010000003c710c4e4e4e4affffffff4affffffff4b0074710d62430820436f8e2acd0440710e86710f52711058030000005f636371116807680b4308000000000000e03f711286711352711458030000005f633171156807680b430862115f01d0aeb03f711686711752711858040000005f636d7571196807680b430815282f55d11faa3f711a86711b52711c58080000005f635f7369676d61711d6807680b430830ce38804161d93f711e86711f52712058080000005f645f7369676d6171216807680b43088c330e605058f63f712286712352712458030000005f636d71254b0158060000005f6368695f6e7126473ffe18618618618658080000005f776569676874737127636e756d70792e636f72652e6d756c746961727261790a5f7265636f6e7374727563740a7128636e756d70790a6e6461727261790a71294b0085712a430162712b87712c52712d284b014b0885712e680858020000006638712f8988877130527131284b03680c4e4e4e4affffffff4affffffff4b0074713262894340c0fc6f2530f5e03f922449922449d23f912449922449c23f1c7d92cd463fa53fcb8b860adec6c5bf6f2cafd2f5baddbfd4e62ed098d4e6bf6f2cafd2f5baedbf71337471346258080000005f705f7369676d617135682868294b00857136682b877137527138284b014b04857139680b8943200a242e20c3c4014080f12d5c789d79bf2955ee360f97c6bffa730a810426ee3f713a74713b6258030000005f7063713c682868294b0085713d682b87713e52713f284b014b04857140680b894320835f46b496ddda3f44725b306348cebfa520129896b7bcbfc1b22d5c9624f2bf71417471426258050000005f6d65616e7143682868294b00857144682b877145527146284b014b048571476831894320a2db5f6b88a72040a267d155bdccba3fa79925c9564cbf3feb6d84b41acc3b4071487471496258060000005f7369676d61714a6807680b43085513ead69697dd3f714b86714c52714d58020000005f44714e4e58020000005f42714f4e58070000005f626f756e64737150682868294b00857151682b877152527153284b014b044b028671546831894340000000000000044000000000000029407b14ae47e17a943f333333333333d33f7b14ae47e17a943f333333333333d33f000000000000124000000000004049407155747,1566258110000005f6e5f6d61785f726573616d706c696e6771574b2858020000005f6771584b0558050000005f746f6c7871596807680b4308895d111d60452a3d715a86715b52715c58070000005f746f6c787570715d4740c388000000000058070000005f746f6c66756e715e473d719799812dea1158100000005f746f6c636f6e646974696f6e636f76715f4742d6bcc41e900000580d0000005f66756e686973745f7465726d71604b19580f0000005f66756e686973745f76616c7565737161682868294b00857162682b877163527164284b014b32857165683189429001000060fc530600000000000000000000000021f3095545f1b33fbd3fe2a51354d53ffda2e2bf28d9b33fc87f06dcd970c53fbf81cd10477bb43f1051c7ea3bd0ce3f35baf83cbd8bb53f818e72e01c15b83f8719aabff7b6b33fc795f66d8ccbb83fda03646f74723a0000002903721f000000722d000000da0178722400000072240000007225000000da0a5f63616c6c5f696d706cb6000000730800000000010a01180222027a1b4c736f646144656e73654f75747075742e5f63616c6c5f696d706c2906723c000000723d000000723e000000721300000072450000007240000000722400000072240000002901722300000072250000007237000000af000000730400000008010c067237000000290d5a056e756d707972150000005a0f73636970792e696e746567726174657202000000da06636f6d6d6f6e720400000072050000007206000000da046261736572070000007208000000720900000072370000007224000000722400000072240000007225000000da083c6d6f64756c653e01000000730c00000008010c011471667471676258050000005f635f31647168682868294b00857169682b87716a52716b284b014b0a85716c680b8943502cab1424ef0c0c409134b937aeb1d9bf1b13da809e35d03fb0c643a471d7e63f3f179b030faff13fc0cc90bd13e9aabf9c55553257bdaebfeed82939bcbcf03fcf602fe819dac33fd028fb885da41740716d74716e6275622e,,COMPLETE
42,0.08252285701404201,2026-07-14 12:42:59.343001,2026-07-14 12:45:13.438660,0 days 00:02:14.095659,0.08835346642351687,8,27,0.029112006798094447,5.0,0.0,,,,COMPLETE
43,0.36682841621160706,2026-07-14 12:45:13.439174,2026-07-14 12:47:41.596676,0 days 00:02:28.157502,0.2996240504839332,9,29,0.29325712858130065,5.0,0.0,,,,COMPLETE
44,0.5060126243770132,2026-07-14 12:47:41.597238,2026-07-14 12:49:53.133070,0 days 00:02:11.535832,0.2828529280484667,8,28,0.11376113369821421,5.0,0.0,,,,COMPLETE
45,0.08710908111632845,2026-07-14 12:49:53.133587,2026-07-14 12:52:05.660532,0 days 00:02:12.526945,0.12665809037761355,9,27,0.11717044574712164,5.0,0.0,,,,COMPLETE
46,0.08571616317103332,2026-07-14 12:52:05.661074,2026-07-14 12:54:25.787718,0 days 00:02:20.126644,0.11016383974926397,8,27,0.2803097570426431,5.0,0.0,,,,COMPLETE
47,0.3441854069487024,2026-07-14 12:54:25.788238,2026-07-14 12:56:42.455313,0 days 00:02:16.667075,0.12730429320562806,9,28,0.21790645243745277,5.0,0.0,,,,COMPLETE
48,0.07896712143640687,2026-07-14 12:56:42.455983,2026-07-14 12:59:00.728719,0 days 00:02:18.272736,0.056045403493275414,7,26,0.16553629464791272,5.0,0.0,,,,COMPLETE
49,0.31824920687494207,2026-07-14 12:59:00.729303,2026-07-14 13:01:14.046541,0 days 00:02:13.317238,0.12539571500129013,8,28,0.18946625001373407,6.0,0.0,800363636d6165732e5f636d610a434d410a7100298171017d71022858060000005f6e5f64696d71034b0458080000005f706f7073697a6571044b0858030000005f6d7571054b0458070000005f6d755f6566667106636e756d70792e636f72652e6d756c746961727261790a7363616c61720a7107636e756d70790a64747970650a7108580200000066387109898887710a52710b284b0358010000003c710c4e4e4e4affffffff4affffffff4b0074710d62430820436f8e2acd0440710e86710f52711058030000005f636371116807680b4308000000000000e03f711286711352711458030000005f633171156807680b430862115f01d0aeb03f711686711752711858040000005f636d7571196807680b430815282f55d11faa3f711a86711b52711c58080000005f635f7369676d61711d6807680b430830ce38804161d93f711e86711f52712058080000005f645f7369676d6171216807680b43088c330e605058f63f712286712352712458030000005f636d71254b0158060000005f6368695f6e7126473ffe18618618618658080000005f776569676874737127636e756d70792e636f72652e6d756c746961727261790a5f7265636f6e7374727563740a7128636e756d70790a6e6461727261790a71294b0085712a430162712b87712c52712d284b014b0885712e680858020000006638712f8988877130527131284b03680c4e4e4e4affffffff4affffffff4b0074713262894340c0fc6f2530f5e03f922449922449d23f912449922449c23f1c7d92cd463fa53fcb8b860adec6c5bf6f2cafd2f5baddbfd4e62ed098d4e6bf6f2cafd2f5baedbf71337471346258080000005f705f7369676d617135682868294b00857136682b877137527138284b014b04857139680b894320b89e88f4bb82db3fe006f31cfb37ba3fa209abe9ba13c4bf300f437eb85fe33f713a74713b6258030000005f7063713c682868294b0085713d682b87713e52713f284b014b04857140680b8943206c21cc78a942fabf6e21640e21b2c13f27d7bafe531dc9bff5a0452b0461e4bf71417471426258050000005f6d65616e7143682868294b00857144682b877145527146284b014b048571476831894320b76ddbb66ddb1e40cda1df56bc45c83f3088e1a3db6bb33f3adb0d702ec63b4071487471496258060000005f7369676d61714a6807680b43088b5dd1fdce01d93f714b86714c52714d58020000005f44714e4e58020000005f42714f4e58070000005f626f756e64737150682868294b00857151682b877152527153284b014b044b028671546831894340000000000000044000000000000029407b14ae47e17a943f333333333333d33f7b14ae47e17a943f333333333333d33f000000000000124000000000004049407155747,1566258110000005f6e5f6d61785f726573616d706c696e6771574b2858020000005f6771584b0658050000005f746f6c7871596807680b4308895d111d60452a3d715a86715b52715c58070000005f746f6c787570715d4740c388000000000058070000005f746f6c66756e715e473d719799812dea1158100000005f746f6c636f6e646974696f6e636f76715f4742d6bcc41e900000580d0000005f66756e686973745f7465726d71604b19580f0000005f66756e686973745f76616c7565737161682868294b00857162682b877163527164284b014b32857165683189429001000060fc530600000000000000000000000021f3095545f1b33fbd3fe2a51354d53ffda2e2bf28d9b33fc87f06dcd970c53fbf81cd10477bb43f1051c7ea3bd0ce3f35baf83cbd8bb53f818e72e01c15b83f8719aabff7b6b33fc795f66d8ccbb83f42f43c4c0b74b33f37ff21634131e03f00722d000000da0178722400000072240000007225000000da0a5f63616c6c5f696d706cb6000000730800000000010a01180222027a1b4c736f646144656e73654f75747075742e5f63616c6c5f696d706c2906723c000000723d000000723e000000721300000072450000007240000000722400000072240000002901722300000072250000007237000000af000000730400000008010c067237000000290d5a056e756d707972150000005a0f73636970792e696e746567726174657202000000da06636f6d6d6f6e720400000072050000007206000000da046261736572070000007208000000720900000072370000007224000000722400000072240000007225000000da083c6d6f64756c653e01000000730c00000008010c011471667471676258050000005f635f31647168682868294b00857169682b87716a52716b284b014b0a85716c680b894350cb29535b73c507401b63b8001f2bd3bf6ac922b64157c73f0c38316f0658e93ff06f1ee34efdef3fb9c442207cc6b0bf69040f8d5e00cdbfb7ac249eb489f03f026e4c3a03e0af3f715309181c7a1640716d74716e6275622e,,COMPLETE
