number,value,datetime_start,datetime_complete,duration,params_FlatThreshold,params_KdTreeCornerOutlierDis,params_LidarNearestDis,params_NumFlat,system_attrs_fixed_params,state
0,0.2384486499755713,2026-07-14 07:47:16.127840,2026-07-14 07:48:52.318766,0 days 00:01:36.190926,0.02,0.2,1.0,3,"{'LidarNearestDis': 1.0, 'FlatThreshold': 0.02, 'NumFlat': 3, 'KdTreeCornerOutlierDis': 0.2}",COMPLETE
1,0.23841374653814043,2026-07-14 07:48:52.319350,2026-07-14 07:50:38.385149,0 days 00:01:46.065799,0.055827976512437594,0.13066144643605676,1.5883498811113739,3,,COMPLETE
2,0.2385164630407047,2026-07-14 07:50:38.385677,2026-07-14 07:52:21.340488,0 days 00:01:42.954811,0.04014861847411388,0.07995242742493908,0.9448109332678973,5,,COMPLETE
3,0.2384486499755713,2026-07-14 07:52:21.340996,2026-07-14 07:53:47.029127,0 days 00:01:25.688131,0.03826400576149075,0.48622573029667837,1.1155617641733442,5,,COMPLETE
4,0.23904587890718904,2026-07-14 07:53:47.029702,2026-07-14 07:55:33.318760,0 days 00:01:46.289058,0.019226926070815206,0.4878885403746714,0.6820236864561602,3,,COMPLETE
5,0.2384486499755713,2026-07-14 07:55:33.319323,2026-07-14 07:57:03.500155,0 days 00:01:30.180832,0.050245099852881114,0.12043980925863754,1.040739634510908,1,,COMPLETE
6,0.2378997211999705,2026-07-14 07:57:03.500748,2026-07-14 07:58:40.845997,0 days 00:01:37.345249,0.007898393059411321,0.20842108864456238,1.9999999999999998,4,,COMPLETE
7,0.23815817729096514,2026-07-14 07:58:40.846569,2026-07-14 08:00:04.866814,0 days 00:01:24.020245,0.03426161751902992,0.07993294139694945,0.30054521076277757,2,,COMPLETE
8,0.23876655458780358,2026-07-14 08:00:04.867336,2026-07-14 08:02:01.534271,0 days 00:01:56.666935,0.023859458322717984,0.316434199045527,0.8268633458028767,4,,COMPLETE
9,0.23843599200809726,2026-07-14 08:02:01.534841,2026-07-14 08:03:28.363015,0 days 00:01:26.828174,0.03752624559413525,0.3095658359194118,0.987725167328372,5,,COMPLETE
10,0.23841680128650933,2026-07-14 08:03:28.363574,2026-07-14 08:04:57.104261,0 days 00:01:28.740687,0.023152423463080544,0.49999999999999994,1.866601961612819,1,,COMPLETE
11,0.2387925855073976,2026-07-14 08:04:57.104850,2026-07-14 08:06:31.939398,0 days 00:01:34.834548,0.06781485319183925,0.11244907389837952,0.7699165330498758,4,,COMPLETE
12,0.2384461278459024,2026-07-14 08:06:31.939973,2026-07-14 08:08:07.998314,0 days 00:01:36.058341,0.062594668523624,0.13629976210253342,1.3644863890348082,1,,COMPLETE
13,0.23870731780543472,2026-07-14 08:08:07.999058,2026-07-14 08:09:40.433811,0 days 00:01:32.434753,0.03976242806157999,0.2300519051298343,0.5873866457377582,5,,COMPLETE
14,0.23777396569746628,2026-07-14 08:09:40.434360,2026-07-14 08:11:11.250866,0 days 00:01:30.816506,0.07723093852457807,0.40128225741276025,0.8181992491984598,3,,COMPLETE
15,0.2387959814793589,2026-07-14 08:11:11.251484,2026-07-14 08:12:57.760475,0 days 00:01:46.508991,0.07872718396672378,0.4793239422678625,1.97822960302849,2,,COMPLETE
16,0.23815817729096514,2026-07-14 08:12:57.761044,2026-07-14 08:14:22.267540,0 days 00:01:24.506496,0.07877454866879233,0.4083135533405223,0.32297872212501194,1,,COMPLETE
17,0.23840344761775267,2026-07-14 08:14:22.268089,2026-07-14 08:15:59.095876,0 days 00:01:36.827787,0.07999999999999999,0.49999999999999994,0.9305113678593331,2,,COMPLETE
18,0.2383715064224577,2026-07-14 08:15:59.096405,2026-07-14 08:17:35.930885,0 days 00:01:36.834480,0.07955443795610805,0.2796775076041469,1.922308706345649,4,,COMPLETE
19,0.23846371684756748,2026-07-14 08:17:35.931448,2026-07-14 08:19:01.041891,0 days 00:01:25.110443,0.07999999999999999,0.34975819427846,0.887074467269483,5,,COMPLETE
20,0.23839859267380453,2026-07-14 08:19:01.042445,2026-07-14 08:20:35.524683,0 days 00:01:34.482238,0.03294304854195472,0.41187561877879186,1.6646261393626642,6,,COMPLETE
21,0.23841362019936724,2026-07-14 08:20:35.525619,2026-07-14 08:22:05.642029,0 days 00:01:30.116410,0.07999999999999999,0.38535479577491144,0.5735177206050646,3,,COMPLETE
22,0.2384455861159305,2026-07-14 08:22:05.642608,2026-07-14 08:23:35.163116,0 days 00:01:29.520508,0.07636820028019795,0.40435026520235173,1.6088565488022395,2,,COMPLETE
23,0.2378461951113296,2026-07-14 08:23:35.163675,2026-07-14 08:25:07.680465,0 days 00:01:32.516790,0.007103141605913759,0.21025950289016687,0.6800829026517146,5,,COMPLETE
24,0.2384461278459024,2026-07-14 08:25:07.680988,2026-07-14 08:26:32.118069,0 days 00:01:24.437081,0.04548208907578987,0.15502362494399163,1.4183794710547137,2,,COMPLETE
25,0.23904472911408545,2026-07-14 08:26:32.118658,2026-07-14 08:28:28.875141,0 days 00:01:56.756483,0.012815024385625165,0.059996460445039985,0.8552301203711881,4,,COMPLETE
26,0.23856945548665526,2026-07-14 08:28:28.875739,2026-07-14 08:30:07.323176,0 days 00:01:38.447437,0.007719311877479185,0.1528475365610295,0.7885321131055797,2,,COMPLETE
27,0.23841066246623469,2026-07-14 08:30:07.323800,2026-07-14 08:31:44.530056,0 days 00:01:37.206256,0.02634140435368687,0.3960757577475049,1.4752191918071245,5,,COMPLETE
28,0.23841658634051588,2026-07-14 08:31:44.530627,2026-07-14 08:33:46.490927,0 days 00:02:01.960300,0.03535373210707229,0.23089459653707495,1.7102124421195326,4,,COMPLETE
29,0.2384486499755713,2026-07-14 08:33:46.491463,2026-07-14 08:35:19.637684,0 days 00:01:33.146221,0.017963012500233116,0.18852532677917944,1.1524325200713335,2,,COMPLETE
30,0.23861856509035723,2026-07-14 08:35:19.638401,2026-07-14 08:37:01.340632,0 days 00:01:41.702231,0.020311605764017783,0.1833656916806618,0.7655922759119687,1,,COMPLETE
31,0.23842696950424128,2026-07-14 08:37:01.341276,2026-07-14 08:38:27.484067,0 days 00:01:26.142791,0.03722647326156031,0.14544082285181353,1.8777723632136922,4,,COMPLETE
32,0.23891651109025325,2026-07-14 08:38:27.484648,2026-07-14 08:40:01.522902,0 days 00:01:34.038254,0.05403423414830141,0.057246075466304364,0.7608189204637352,2,,COMPLETE
33,0.23814076595224334,2026-07-14 08:40:01.523474,2026-07-14 08:41:32.711466,0 days 00:01:31.187992,0.030921942706147242,0.4231290376264252,0.9079254680573452,4,,COMPLETE
34,0.2384486499755713,2026-07-14 08:41:32.712083,2026-07-14 08:43:17.537033,0 days 00:01:44.824950,0.008910787359500934,0.20148559277045924,1.2146428207805477,3,,COMPLETE
35,0.23737916086624616,2026-07-14 08:43:17.537663,2026-07-14 08:44:46.391045,0 days 00:01:28.853382,0.05163334700273829,0.4450999415141634,0.33310518884981316,2,,COMPLETE
36,0.2384486499755713,2026-07-14 08:44:46.391578,2026-07-14 08:46:24.517004,0 days 00:01:38.125426,0.010715723013179988,0.45163428257380006,1.146372213541676,5,,COMPLETE
37,0.2386642913256832,2026-07-14 08:46:24.517543,2026-07-14 08:48:14.481783,0 days 00:01:49.964240,0.053408849778905025,0.43981950306087353,0.3474261232406662,3,,COMPLETE
38,0.2384486499755713,2026-07-14 08:48:14.482384,2026-07-14 08:50:01.007141,0 days 00:01:46.524757,0.05706098569325279,0.43704194553836645,1.0262934035721676,1,,COMPLETE
39,0.23815817729096514,2026-07-14 08:50:01.007703,2026-07-14 08:51:27.455988,0 days 00:01:26.448285,0.014203983149477208,0.15985055792895636,0.34480134280004304,2,,COMPLETE
40,0.2386642913256832,2026-07-14 08:51:27.456570,2026-07-14 08:53:17.840303,0 days 00:01:50.383733,0.07698918540392188,0.09342568421150318,0.34811850647051495,2,,COMPLETE
41,0.2384486499755713,2026-07-14 08:53:17.840872,2026-07-14 08:54:41.689949,0 days 00:01:23.849077,0.028095536205067228,0.3687507133078974,1.1645773630410485,3,,COMPLETE
42,0.2384461278459024,2026-07-14 08:54:41.690535,2026-07-14 08:56:22.179269,0 days 00:01:40.488734,0.05314083475831243,0.07653132374249481,1.3351733317430021,3,,COMPLETE
43,0.2386695131136206,2026-07-14 08:56:22.179809,2026-07-14 08:57:58.079640,0 days 00:01:35.899831,0.059467908863062045,0.4414746981999305,0.5084862282736173,2,,COMPLETE
44,0.23813999430194327,2026-07-14 08:57:58.080212,2026-07-14 08:59:27.746043,0 days 00:01:29.665831,0.07961869411648687,0.13691118847775863,0.9094624780461176,1,,COMPLETE
45,0.2384486499755713,2026-07-14 08:59:27.746689,2026-07-14 09:01:00.819465,0 days 00:01:33.072776,0.05134635934064107,0.4459604997025842,1.085840537198027,1,,COMPLETE
46,0.23826939923777835,2026-07-14 09:01:00.820082,2026-07-14 09:02:24.868398,0 days 00:01:24.048316,0.07817511335704648,0.42531757417573285,1.0874759048805618,3,,COMPLETE
47,0.23815817729096514,2026-07-14 09:02:24.869017,2026-07-14 09:04:16.577821,0 days 00:01:51.708804,0.024760949888231236,0.09287059827591045,0.39616424918018844,6,,COMPLETE
48,0.23851398276885707,2026-07-14 09:04:16.578413,2026-07-14 09:05:44.158276,0 days 00:01:27.579863,0.05131599149039459,0.4178982584950364,0.7189267691730038,2,,COMPLETE
49,0.2386642913256832,2026-07-14 09:05:44.158849,2026-07-14 09:07:21.302662,0 days 00:01:37.143813,0.03842086627342761,0.32420431093868424,0.3165172542548743,6,,COMPLETE
