number,value,datetime_start,datetime_complete,duration,params_FlatThreshold,params_KdTreeCornerOutlierDis,params_LidarNearestDis,params_NumFlat,system_attrs_cma:generation,system_attrs_cma:n_restarts,system_attrs_cma:optimizer:0,system_attrs_cma:optimizer:1,system_attrs_fixed_params,state
41,inf,2026-07-14 17:51:43.107353,2026-07-14 17:53:12.867922,0 days 00:01:29.760569,0.07999999999999999,0.49999999999999994,0.3,6,5.0,0.0,800363636d6165732e5f636d610a434d410a7100298171017d71022858060000005f6e5f64696d71034b0458080000005f706f7073697a6571044b0858030000005f6d7571054b0458070000005f6d755f6566667106636e756d70792e636f72652e6d756c746961727261790a7363616c61720a7107636e756d70790a64747970650a7108580200000066387109898887710a52710b284b0358010000003c710c4e4e4e4affffffff4affffffff4b0074710d62430820436f8e2acd0440710e86710f52711058030000005f636371116807680b4308000000000000e03f711286711352711458030000005f633171156807680b430862115f01d0aeb03f711686711752711858040000005f636d7571196807680b430815282f55d11faa3f711a86711b52711c58080000005f635f7369676d61711d6807680b430830ce38804161d93f711e86711f52712058080000005f645f7369676d6171216807680b43088c330e605058f63f712286712352712458030000005f636d71254b0158060000005f6368695f6e7126473ffe18618618618658080000005f776569676874737127636e756d70792e636f72652e6d756c746961727261790a5f7265636f6e7374727563740a7128636e756d70790a6e6461727261790a71294b0085712a430162712b87712c52712d284b014b0885712e680858020000006638712f8988877130527131284b03680c4e4e4e4affffffff4affffffff4b0074713262894340c0fc6f2530f5e03f922449922449d23f912449922449c23f1c7d92cd463fa53fcb8b860adec6c5bf6f2cafd2f5baddbfd4e62ed098d4e6bf6f2cafd2f5baedbf71337471346258080000005f705f7369676d617135682868294b00857136682b877137527138284b014b04857139680b8943207a5ab6b47b0ac13fa69259e5bb8ac8bf92f7c6d537491bc0fa265b357e85b3bf713a74713b6258030000005f7063713c682868294b0085713d682b87713e52713f284b014b04857140680b894320000000000000000000000000000000000000000000000000000000000000000071417471426258050000005f6d65616e7143682868294b00857144682b877145527146284b014b0485714768318943203c73034402a1e33f4193a295559ca43f100434d183cd0a401dd4411dd441bd3f71487471496258060000005f7369676d61714a6807680b4308aaf755e519e50841714b86714c52714d58020000005f44714e4e58020000005f42714f4e58070000005f626f756e64737150682868294b00857151682b877152527153284b014b044b028671546831894340333333333333d33f00000000000000407b14ae47e17a743f7b14ae47e17ab43f000000000000e03f0000000000001a409a9999999999a93f000000000000e03f7155747,1566258110000005f6e5f6d61785f726573616d706c696e6771574b2858020000005f6771584b0558050000005f746f6c7871596807680b430881764968c2250c3d715a86715b52715c58070000005f746f6c787570715d4740c388000000000058070000005f746f6c66756e715e473d719799812dea1158100000005f746f6c636f6e646974696f6e636f76715f4742d6bcc41e900000580d0000005f66756e686973745f7465726d71604b19580f0000005f66756e686973745f76616c7565737161682868294b00857162682b877163527164284b014b328571656831894290010000d06a541300000000000000000000000005d5c3a9f366ce3fcf4f3e66b894ce3f5c20bddec387ce3f000000000000f07f000000000000f07f000000000000f07f59ad5e97f77bce3f000000000000f07f59ad5e97f77bce3f000000000000f07f3d31293a0a2020202072657475726e2028612c20622c20632c207a2c20292c206c6f632c207363616c650a0a646566205f70617273655f617267735f7276732873656c662c20612c20622c20632c207a2c20206c6f633d302c207363616c653d312c2073697a653d4e6f6e65293a0a2020202072657475726e2073656c662e5f617267636865636b5f72767328612c20622c20632c207a2c20206c6f632c207363616c652c2073697a653d73697a65290a0a646566205f70617273655f617267735f73746174732873656c662c20612c20622c20632c207a2c20206c6f633d302c207363616c653d312c206d6f6d656e74733d276d7627293a0a2020202072657475726e2028612c20622c20632c207a2c20292c206c6f632c207363616c652c206d6f6d656e74730a00c352627f000071667471676258050000005f635f31647168682868294b00857169682b87716a52716b284b014b0a85716c680b8943507bbecbf379bdde3fa0d50669f7bc9ebf52201cc1c52902c0771cf2eab5e9c4bf7e90d4ec901cf63f1c78ed8143800640d8282cdba3fea03fca3361dd267c5740fd460b49b6f0ee3f461cc14cde11f43f716d74716e6275622e,,COMPLETE
42,inf,2026-07-14 17:53:12.868768,2026-07-14 17:54:44.015442,0 days 00:01:31.146674,0.005,0.05,1.9999999999999998,6,5.0,0.0,,,,COMPLETE
43,inf,2026-07-14 17:54:44.016142,2026-07-14 17:56:05.130667,0 days 00:01:21.114525,0.07999999999999999,0.49999999999999994,1.9999999999999998,6,5.0,0.0,,,,COMPLETE
44,0.2386642913256832,2026-07-14 17:56:05.131468,2026-07-14 17:57:54.184353,0 days 00:01:49.052885,0.005,0.05,0.3,6,5.0,0.0,,,,COMPLETE
45,inf,2026-07-14 17:57:54.184875,2026-07-14 17:59:20.997933,0 days 00:01:26.813058,0.07999999999999999,0.49999999999999994,1.9999999999999998,1,5.0,0.0,,,,COMPLETE
46,0.2386642913256832,2026-07-14 17:59:20.998720,2026-07-14 18:00:42.224784,0 days 00:01:21.226064,0.005,0.05,0.3,6,5.0,0.0,,,,COMPLETE
47,inf,2026-07-14 18:00:42.225421,2026-07-14 18:02:06.229339,0 days 00:01:24.003918,0.07999999999999999,0.49999999999999994,0.3,1,5.0,0.0,,,,COMPLETE
48,inf,2026-07-14 18:02:06.230149,2026-07-14 18:03:50.831115,0 days 00:01:44.600966,0.005,0.05,1.9999999999999998,6,5.0,0.0,,,,COMPLETE
49,inf,2026-07-14 18:03:50.831814,2026-07-14 18:05:19.673629,0 days 00:01:28.841815,0.07999999999999999,0.49999999999999994,0.3,6,6.0,0.0,800363636d6165732e5f636d610a434d410a7100298171017d71022858060000005f6e5f64696d71034b0458080000005f706f7073697a6571044b0858030000005f6d7571054b0458070000005f6d755f6566667106636e756d70792e636f72652e6d756c746961727261790a7363616c61720a7107636e756d70790a64747970650a7108580200000066387109898887710a52710b284b0358010000003c710c4e4e4e4affffffff4affffffff4b0074710d62430820436f8e2acd0440710e86710f52711058030000005f636371116807680b4308000000000000e03f711286711352711458030000005f633171156807680b430862115f01d0aeb03f711686711752711858040000005f636d7571196807680b430815282f55d11faa3f711a86711b52711c58080000005f635f7369676d61711d6807680b430830ce38804161d93f711e86711f52712058080000005f645f7369676d6171216807680b43088c330e605058f63f712286712352712458030000005f636d71254b0158060000005f6368695f6e7126473ffe18618618618658080000005f776569676874737127636e756d70792e636f72652e6d756c746961727261790a5f7265636f6e7374727563740a7128636e756d70790a6e6461727261790a71294b0085712a430162712b87712c52712d284b014b0885712e680858020000006638712f8988877130527131284b03680c4e4e4e4affffffff4affffffff4b0074713262894340c0fc6f2530f5e03f922449922449d23f912449922449c23f1c7d92cd463fa53fcb8b860adec6c5bf6f2cafd2f5baddbfd4e62ed098d4e6bf6f2cafd2f5baedbf71337471346258080000005f705f7369676d617135682868294b00857136682b877137527138284b014b04857139680b894320c7de76f2dd90b43f685e0d89869ebdbf17808cae267710c02922aa0c668fa7bf713a74713b6258030000005f7063713c682868294b0085713d682b87713e52713f284b014b04857140680b894320000000000000000000000000000000000000000000000000000000000000000071417471426258050000005f6d65616e7143682868294b00857144682b877145527146284b014b048571476831894320caed7bd80bb7d73faa34e4dc6717903f00000000000018401cd4411dd441bd3f71487471496258060000005f7369676d61714a6807680b43086c1f555566731141714b86714c52714d58020000005f44714e4e58020000005f42714f4e58070000005f626f756e64737150682868294b00857151682b877152527153284b014b044b028671546831894340333333333333d33f00000000000000407b14ae47e17a743f7b14ae47e17ab43f000000000000e03f0000000000001a409a9999999999a93f000000000000e03f7155747,1566258110000005f6e5f6d61785f726573616d706c696e6771574b2858020000005f6771584b0658050000005f746f6c7871596807680b430881764968c2250c3d715a86715b52715c58070000005f746f6c787570715d4740c388000000000058070000005f746f6c66756e715e473d719799812dea1158100000005f746f6c636f6e646974696f6e636f76715f4742d6bcc41e900000580d0000005f66756e686973745f7465726d71604b19580f0000005f66756e686973745f76616c7565737161682868294b00857162682b877163527164284b014b328571656831894290010000d06a541300000000000000000000000005d5c3a9f366ce3fcf4f3e66b894ce3f5c20bddec387ce3f000000000000f07f000000000000f07f000000000000f07f59ad5e97f77bce3f000000000000f07f59ad5e97f77bce3f000000000000f07ff3c0fb2e8d8cce3f000000000000f07f28612c20622c20632c207a2c20292c206c6f632c207363616c650a0a646566205f70617273655f617267735f7276732873656c662c20612c20622c20632c207a2c20206c6f633d302c207363616c653d312c2073697a653d4e6f6e65293a0a2020202072657475726e2073656c662e5f617267636865636b5f72767328612c20622c20632c207a2c20206c6f632c207363616c652c2073697a653d73697a65290a0a646566205f70617273655f617267735f73746174732873656c662c20612c20622c20632c207a2c20206c6f633d302c207363616c653d312c206d6f6d656e74733d276d7627293a0a2020202072657475726e2028612c20622c20632c207a2c20292c206c6f632c207363616c652c206d6f6d656e74730a00c352627f000071667471676258050000005f635f31647168682868294b00857169682b87716a52716b284b014b0a85716c680b894350e24ea198d412e03fd7c3fec88c1da0bfe146b56f101003c0d6d7c39211f2c5bf5b5e4b143931f73fa5ec1570fa9907407e42ea46d3d1a13f471003788ea15840b30f3c80063cf03f118bf58b930cf53f716d74716e6275622e,,COMPLETE
